ARM GAS  C:\Users\sergio\AppData\Local\Temp\ccTAbeHQ.s 			page 1


   1              		.syntax unified
   2              		.cpu cortex-m0
   3              		.fpu softvfp
   4              		.eabi_attribute 20, 1
   5              		.eabi_attribute 21, 1
   6              		.eabi_attribute 23, 3
   7              		.eabi_attribute 24, 1
   8              		.eabi_attribute 25, 1
   9              		.eabi_attribute 26, 1
  10              		.eabi_attribute 30, 1
  11              		.eabi_attribute 34, 0
  12              		.eabi_attribute 18, 4
  13              		.thumb
  14              		.syntax unified
  15              		.file	"BLE_1_custom.c"
  16              		.text
  17              	.Ltext0:
  18              		.cfi_sections	.debug_frame
  19              		.section	.text.CyBle_CustomInit,"ax",%progbits
  20              		.align	2
  21              		.global	CyBle_CustomInit
  22              		.code	16
  23              		.thumb_func
  24              		.type	CyBle_CustomInit, %function
  25              	CyBle_CustomInit:
  26              	.LFB2:
  27              		.file 1 "Generated_Source\\PSoC4\\BLE_1_custom.c"
   1:Generated_Source\PSoC4/BLE_1_custom.c **** /***************************************************************************//**
   2:Generated_Source\PSoC4/BLE_1_custom.c **** * \file CYBLE_custom.c
   3:Generated_Source\PSoC4/BLE_1_custom.c **** * \version 3.61
   4:Generated_Source\PSoC4/BLE_1_custom.c **** * 
   5:Generated_Source\PSoC4/BLE_1_custom.c **** * \brief
   6:Generated_Source\PSoC4/BLE_1_custom.c **** *  Contains the source code for the Custom Service.
   7:Generated_Source\PSoC4/BLE_1_custom.c **** * 
   8:Generated_Source\PSoC4/BLE_1_custom.c **** ********************************************************************************
   9:Generated_Source\PSoC4/BLE_1_custom.c **** * \copyright
  10:Generated_Source\PSoC4/BLE_1_custom.c **** * Copyright 2014-2019, Cypress Semiconductor Corporation.  All rights reserved.
  11:Generated_Source\PSoC4/BLE_1_custom.c **** * You may use this file only in accordance with the license, terms, conditions,
  12:Generated_Source\PSoC4/BLE_1_custom.c **** * disclaimers, and limitations in the end user license agreement accompanying
  13:Generated_Source\PSoC4/BLE_1_custom.c **** * the software package with which this file was provided.
  14:Generated_Source\PSoC4/BLE_1_custom.c **** *******************************************************************************/
  15:Generated_Source\PSoC4/BLE_1_custom.c **** 
  16:Generated_Source\PSoC4/BLE_1_custom.c **** 
  17:Generated_Source\PSoC4/BLE_1_custom.c **** #include "BLE_1_eventHandler.h"
  18:Generated_Source\PSoC4/BLE_1_custom.c **** 
  19:Generated_Source\PSoC4/BLE_1_custom.c **** #ifdef CYBLE_CUSTOM_SERVER
  20:Generated_Source\PSoC4/BLE_1_custom.c **** 
  21:Generated_Source\PSoC4/BLE_1_custom.c **** /* If any custom service with custom characteristics is defined in the
  22:Generated_Source\PSoC4/BLE_1_custom.c **** * customizer's GUI their handles will be present in this array.
  23:Generated_Source\PSoC4/BLE_1_custom.c **** */
  24:Generated_Source\PSoC4/BLE_1_custom.c **** /* This array contains attribute handles for the defined Custom Services and their characteristics 
  25:Generated_Source\PSoC4/BLE_1_custom.c ****    The array index definitions are located in the CYBLE_custom.h file. */
  26:Generated_Source\PSoC4/BLE_1_custom.c **** const CYBLE_CUSTOMS_T cyBle_customs[0x01u] = {
  27:Generated_Source\PSoC4/BLE_1_custom.c **** 
  28:Generated_Source\PSoC4/BLE_1_custom.c ****     /* RVAC service */
  29:Generated_Source\PSoC4/BLE_1_custom.c ****     {
  30:Generated_Source\PSoC4/BLE_1_custom.c ****         0x0010u, /* Handle of the RVAC service */ 
ARM GAS  C:\Users\sergio\AppData\Local\Temp\ccTAbeHQ.s 			page 2


  31:Generated_Source\PSoC4/BLE_1_custom.c ****         {
  32:Generated_Source\PSoC4/BLE_1_custom.c **** 
  33:Generated_Source\PSoC4/BLE_1_custom.c ****             /* sensor characteristic */
  34:Generated_Source\PSoC4/BLE_1_custom.c ****             {
  35:Generated_Source\PSoC4/BLE_1_custom.c ****                 0x0012u, /* Handle of the sensor characteristic */ 
  36:Generated_Source\PSoC4/BLE_1_custom.c ****                 
  37:Generated_Source\PSoC4/BLE_1_custom.c ****                 /* Array of Descriptors handles */
  38:Generated_Source\PSoC4/BLE_1_custom.c ****                 {
  39:Generated_Source\PSoC4/BLE_1_custom.c ****                     0x0013u, /* Handle of the Server Characteristic Configuration descriptor */ 
  40:Generated_Source\PSoC4/BLE_1_custom.c ****                     0x0014u, /* Handle of the sensorUserCCCD descriptor */ 
  41:Generated_Source\PSoC4/BLE_1_custom.c ****                     0x0015u, /* Handle of the sensorCCCD descriptor */ 
  42:Generated_Source\PSoC4/BLE_1_custom.c ****                 }, 
  43:Generated_Source\PSoC4/BLE_1_custom.c ****             },
  44:Generated_Source\PSoC4/BLE_1_custom.c **** 
  45:Generated_Source\PSoC4/BLE_1_custom.c ****             /* Thermostat characteristic */
  46:Generated_Source\PSoC4/BLE_1_custom.c ****             {
  47:Generated_Source\PSoC4/BLE_1_custom.c ****                 0x0017u, /* Handle of the Thermostat characteristic */ 
  48:Generated_Source\PSoC4/BLE_1_custom.c ****                 
  49:Generated_Source\PSoC4/BLE_1_custom.c ****                 /* Array of Descriptors handles */
  50:Generated_Source\PSoC4/BLE_1_custom.c ****                 {
  51:Generated_Source\PSoC4/BLE_1_custom.c ****                     0x0018u, /* Handle of the thermoCCCD descriptor */ 
  52:Generated_Source\PSoC4/BLE_1_custom.c ****                     0x0019u, /* Handle of the thermoUserCCCD descriptor */ 
  53:Generated_Source\PSoC4/BLE_1_custom.c ****                     CYBLE_GATT_INVALID_ATTR_HANDLE_VALUE, 
  54:Generated_Source\PSoC4/BLE_1_custom.c ****                 }, 
  55:Generated_Source\PSoC4/BLE_1_custom.c ****             },
  56:Generated_Source\PSoC4/BLE_1_custom.c ****         }, 
  57:Generated_Source\PSoC4/BLE_1_custom.c ****     },
  58:Generated_Source\PSoC4/BLE_1_custom.c **** };
  59:Generated_Source\PSoC4/BLE_1_custom.c **** 
  60:Generated_Source\PSoC4/BLE_1_custom.c **** 
  61:Generated_Source\PSoC4/BLE_1_custom.c **** #endif /* (CYBLE_CUSTOM_SERVER) */
  62:Generated_Source\PSoC4/BLE_1_custom.c **** 
  63:Generated_Source\PSoC4/BLE_1_custom.c **** #ifdef CYBLE_CUSTOM_CLIENT
  64:Generated_Source\PSoC4/BLE_1_custom.c ****     
  65:Generated_Source\PSoC4/BLE_1_custom.c **** 
  66:Generated_Source\PSoC4/BLE_1_custom.c **** static uint16 cyBle_customDisServIndex;
  67:Generated_Source\PSoC4/BLE_1_custom.c **** static uint16 cyBle_customDisCharIndex;
  68:Generated_Source\PSoC4/BLE_1_custom.c **** 
  69:Generated_Source\PSoC4/BLE_1_custom.c **** #endif /* (CYBLE_CUSTOM_CLIENT) */
  70:Generated_Source\PSoC4/BLE_1_custom.c **** 
  71:Generated_Source\PSoC4/BLE_1_custom.c **** 
  72:Generated_Source\PSoC4/BLE_1_custom.c **** /****************************************************************************** 
  73:Generated_Source\PSoC4/BLE_1_custom.c **** * Function Name: CyBle_CustomInit
  74:Generated_Source\PSoC4/BLE_1_custom.c **** ***************************************************************************//**
  75:Generated_Source\PSoC4/BLE_1_custom.c **** * 
  76:Generated_Source\PSoC4/BLE_1_custom.c **** *  This function initializes Custom Service.
  77:Generated_Source\PSoC4/BLE_1_custom.c **** * 
  78:Generated_Source\PSoC4/BLE_1_custom.c **** * \return
  79:Generated_Source\PSoC4/BLE_1_custom.c **** *  None
  80:Generated_Source\PSoC4/BLE_1_custom.c **** * 
  81:Generated_Source\PSoC4/BLE_1_custom.c **** ******************************************************************************/
  82:Generated_Source\PSoC4/BLE_1_custom.c **** void CyBle_CustomInit(void)
  83:Generated_Source\PSoC4/BLE_1_custom.c **** {
  28              		.loc 1 83 0
  29              		.cfi_startproc
  30              		@ args = 0, pretend = 0, frame = 0
  31              		@ frame_needed = 0, uses_anonymous_args = 0
ARM GAS  C:\Users\sergio\AppData\Local\Temp\ccTAbeHQ.s 			page 3


  32              		@ link register save eliminated.
  84:Generated_Source\PSoC4/BLE_1_custom.c ****     
  85:Generated_Source\PSoC4/BLE_1_custom.c **** #ifdef CYBLE_CUSTOM_CLIENT
  86:Generated_Source\PSoC4/BLE_1_custom.c **** 
  87:Generated_Source\PSoC4/BLE_1_custom.c ****     uint16 locServIndex;
  88:Generated_Source\PSoC4/BLE_1_custom.c ****     uint16 locCharIndex;
  89:Generated_Source\PSoC4/BLE_1_custom.c ****     uint16 locDescIndex;
  90:Generated_Source\PSoC4/BLE_1_custom.c ****     
  91:Generated_Source\PSoC4/BLE_1_custom.c ****     for(locServIndex = 0u; locServIndex < CYBLE_CUSTOMC_SERVICE_COUNT; locServIndex++)
  92:Generated_Source\PSoC4/BLE_1_custom.c ****     {
  93:Generated_Source\PSoC4/BLE_1_custom.c ****         if(cyBle_serverInfo[CYBLE_SRVI_CUSTOMS + locServIndex].range.startHandle == CYBLE_GATT_INVA
  94:Generated_Source\PSoC4/BLE_1_custom.c ****         {
  95:Generated_Source\PSoC4/BLE_1_custom.c ****             for(locCharIndex = 0u; locCharIndex < cyBle_customCServ[locServIndex].charCount; locCha
  96:Generated_Source\PSoC4/BLE_1_custom.c ****             {
  97:Generated_Source\PSoC4/BLE_1_custom.c ****                 cyBle_customCServ[locServIndex].customServChar[locCharIndex].
  98:Generated_Source\PSoC4/BLE_1_custom.c ****                     customServCharHandle = 0u;
  99:Generated_Source\PSoC4/BLE_1_custom.c ****                 
 100:Generated_Source\PSoC4/BLE_1_custom.c ****                 for(locDescIndex = 0u; locDescIndex < 
 101:Generated_Source\PSoC4/BLE_1_custom.c ****                     cyBle_customCServ[locServIndex].customServChar[locCharIndex].descCount; 
 102:Generated_Source\PSoC4/BLE_1_custom.c ****                         locDescIndex++)
 103:Generated_Source\PSoC4/BLE_1_custom.c ****                 {
 104:Generated_Source\PSoC4/BLE_1_custom.c ****                     cyBle_customCServ[locServIndex].customServChar[locCharIndex].
 105:Generated_Source\PSoC4/BLE_1_custom.c ****                         customServCharDesc[locDescIndex].descHandle = 0u;
 106:Generated_Source\PSoC4/BLE_1_custom.c ****                 }
 107:Generated_Source\PSoC4/BLE_1_custom.c ****             }
 108:Generated_Source\PSoC4/BLE_1_custom.c ****         }
 109:Generated_Source\PSoC4/BLE_1_custom.c ****     }
 110:Generated_Source\PSoC4/BLE_1_custom.c **** 
 111:Generated_Source\PSoC4/BLE_1_custom.c **** #endif /* (CYBLE_CUSTOM_CLIENT) */
 112:Generated_Source\PSoC4/BLE_1_custom.c **** }
  33              		.loc 1 112 0
  34              		@ sp needed
  35 0000 7047     		bx	lr
  36              		.cfi_endproc
  37              	.LFE2:
  38              		.size	CyBle_CustomInit, .-CyBle_CustomInit
  39              		.global	cyBle_customs
  40 0002 C046     		.section	.rodata
  41              		.align	2
  42              		.type	cyBle_customs, %object
  43              		.size	cyBle_customs, 18
  44              	cyBle_customs:
  45 0000 1000     		.short	16
  46 0002 1200     		.short	18
  47 0004 1300     		.short	19
  48 0006 1400     		.short	20
  49 0008 1500     		.short	21
  50 000a 1700     		.short	23
  51 000c 1800     		.short	24
  52 000e 1900     		.short	25
  53 0010 0000     		.short	0
  54              		.text
  55              	.Letext0:
  56              		.file 2 "Generated_Source\\PSoC4\\cytypes.h"
  57              		.file 3 "Generated_Source\\PSoC4\\BLE_1_StackGatt.h"
  58              		.file 4 "Generated_Source\\PSoC4\\BLE_1_custom.h"
  59              		.file 5 "Generated_Source\\PSoC4\\BLE_1_Stack.h"
ARM GAS  C:\Users\sergio\AppData\Local\Temp\ccTAbeHQ.s 			page 4


  60              		.section	.debug_info,"",%progbits
  61              	.Ldebug_info0:
  62 0000 15030000 		.4byte	0x315
  63 0004 0400     		.2byte	0x4
  64 0006 00000000 		.4byte	.Ldebug_abbrev0
  65 000a 04       		.byte	0x4
  66 000b 01       		.uleb128 0x1
  67 000c CE010000 		.4byte	.LASF94
  68 0010 0C       		.byte	0xc
  69 0011 C6020000 		.4byte	.LASF95
  70 0015 3A0A0000 		.4byte	.LASF96
  71 0019 00000000 		.4byte	.Ldebug_ranges0+0
  72 001d 00000000 		.4byte	0
  73 0021 00000000 		.4byte	.Ldebug_line0
  74 0025 02       		.uleb128 0x2
  75 0026 01       		.byte	0x1
  76 0027 06       		.byte	0x6
  77 0028 94050000 		.4byte	.LASF0
  78 002c 02       		.uleb128 0x2
  79 002d 01       		.byte	0x1
  80 002e 08       		.byte	0x8
  81 002f 1B050000 		.4byte	.LASF1
  82 0033 02       		.uleb128 0x2
  83 0034 02       		.byte	0x2
  84 0035 05       		.byte	0x5
  85 0036 B7000000 		.4byte	.LASF2
  86 003a 02       		.uleb128 0x2
  87 003b 02       		.byte	0x2
  88 003c 07       		.byte	0x7
  89 003d 74070000 		.4byte	.LASF3
  90 0041 02       		.uleb128 0x2
  91 0042 04       		.byte	0x4
  92 0043 05       		.byte	0x5
  93 0044 C3030000 		.4byte	.LASF4
  94 0048 02       		.uleb128 0x2
  95 0049 04       		.byte	0x4
  96 004a 07       		.byte	0x7
  97 004b 25060000 		.4byte	.LASF5
  98 004f 02       		.uleb128 0x2
  99 0050 08       		.byte	0x8
 100 0051 05       		.byte	0x5
 101 0052 23010000 		.4byte	.LASF6
 102 0056 02       		.uleb128 0x2
 103 0057 08       		.byte	0x8
 104 0058 07       		.byte	0x7
 105 0059 76030000 		.4byte	.LASF7
 106 005d 03       		.uleb128 0x3
 107 005e 04       		.byte	0x4
 108 005f 05       		.byte	0x5
 109 0060 696E7400 		.ascii	"int\000"
 110 0064 02       		.uleb128 0x2
 111 0065 04       		.byte	0x4
 112 0066 07       		.byte	0x7
 113 0067 FD050000 		.4byte	.LASF8
 114 006b 04       		.uleb128 0x4
 115 006c AB070000 		.4byte	.LASF86
 116 0070 02       		.byte	0x2
ARM GAS  C:\Users\sergio\AppData\Local\Temp\ccTAbeHQ.s 			page 5


 117 0071 E501     		.2byte	0x1e5
 118 0073 3A000000 		.4byte	0x3a
 119 0077 02       		.uleb128 0x2
 120 0078 04       		.byte	0x4
 121 0079 04       		.byte	0x4
 122 007a 0D030000 		.4byte	.LASF9
 123 007e 02       		.uleb128 0x2
 124 007f 08       		.byte	0x8
 125 0080 04       		.byte	0x4
 126 0081 4F080000 		.4byte	.LASF10
 127 0085 02       		.uleb128 0x2
 128 0086 01       		.byte	0x1
 129 0087 08       		.byte	0x8
 130 0088 53070000 		.4byte	.LASF11
 131 008c 02       		.uleb128 0x2
 132 008d 08       		.byte	0x8
 133 008e 04       		.byte	0x4
 134 008f E9040000 		.4byte	.LASF12
 135 0093 02       		.uleb128 0x2
 136 0094 04       		.byte	0x4
 137 0095 07       		.byte	0x7
 138 0096 F9000000 		.4byte	.LASF13
 139 009a 05       		.uleb128 0x5
 140 009b 01       		.byte	0x1
 141 009c 2C000000 		.4byte	0x2c
 142 00a0 05       		.byte	0x5
 143 00a1 3501     		.2byte	0x135
 144 00a3 58020000 		.4byte	0x258
 145 00a7 06       		.uleb128 0x6
 146 00a8 AF020000 		.4byte	.LASF14
 147 00ac 00       		.byte	0
 148 00ad 06       		.uleb128 0x6
 149 00ae 68010000 		.4byte	.LASF15
 150 00b2 01       		.byte	0x1
 151 00b3 06       		.uleb128 0x6
 152 00b4 CF090000 		.4byte	.LASF16
 153 00b8 02       		.byte	0x2
 154 00b9 06       		.uleb128 0x6
 155 00ba AB080000 		.4byte	.LASF17
 156 00be 03       		.byte	0x3
 157 00bf 06       		.uleb128 0x6
 158 00c0 42010000 		.4byte	.LASF18
 159 00c4 04       		.byte	0x4
 160 00c5 06       		.uleb128 0x6
 161 00c6 55040000 		.4byte	.LASF19
 162 00ca 05       		.byte	0x5
 163 00cb 06       		.uleb128 0x6
 164 00cc 3E000000 		.4byte	.LASF20
 165 00d0 06       		.byte	0x6
 166 00d1 06       		.uleb128 0x6
 167 00d2 87070000 		.4byte	.LASF21
 168 00d6 20       		.byte	0x20
 169 00d7 06       		.uleb128 0x6
 170 00d8 37060000 		.4byte	.LASF22
 171 00dc 21       		.byte	0x21
 172 00dd 06       		.uleb128 0x6
 173 00de 00000000 		.4byte	.LASF23
ARM GAS  C:\Users\sergio\AppData\Local\Temp\ccTAbeHQ.s 			page 6


 174 00e2 22       		.byte	0x22
 175 00e3 06       		.uleb128 0x6
 176 00e4 71040000 		.4byte	.LASF24
 177 00e8 23       		.byte	0x23
 178 00e9 06       		.uleb128 0x6
 179 00ea E1050000 		.4byte	.LASF25
 180 00ee 24       		.byte	0x24
 181 00ef 06       		.uleb128 0x6
 182 00f0 C1000000 		.4byte	.LASF26
 183 00f4 25       		.byte	0x25
 184 00f5 06       		.uleb128 0x6
 185 00f6 0C040000 		.4byte	.LASF27
 186 00fa 26       		.byte	0x26
 187 00fb 06       		.uleb128 0x6
 188 00fc ED030000 		.4byte	.LASF28
 189 0100 27       		.byte	0x27
 190 0101 06       		.uleb128 0x6
 191 0102 71000000 		.4byte	.LASF29
 192 0106 28       		.byte	0x28
 193 0107 06       		.uleb128 0x6
 194 0108 6F060000 		.4byte	.LASF30
 195 010c 29       		.byte	0x29
 196 010d 06       		.uleb128 0x6
 197 010e 03070000 		.4byte	.LASF31
 198 0112 2A       		.byte	0x2a
 199 0113 06       		.uleb128 0x6
 200 0114 EF070000 		.4byte	.LASF32
 201 0118 2B       		.byte	0x2b
 202 0119 06       		.uleb128 0x6
 203 011a C7060000 		.4byte	.LASF33
 204 011e 2C       		.byte	0x2c
 205 011f 06       		.uleb128 0x6
 206 0120 2C030000 		.4byte	.LASF34
 207 0124 2D       		.byte	0x2d
 208 0125 06       		.uleb128 0x6
 209 0126 93000000 		.4byte	.LASF35
 210 012a 2E       		.byte	0x2e
 211 012b 06       		.uleb128 0x6
 212 012c F90A0000 		.4byte	.LASF36
 213 0130 2F       		.byte	0x2f
 214 0131 06       		.uleb128 0x6
 215 0132 02010000 		.4byte	.LASF37
 216 0136 30       		.byte	0x30
 217 0137 06       		.uleb128 0x6
 218 0138 C5040000 		.4byte	.LASF38
 219 013c 31       		.byte	0x31
 220 013d 06       		.uleb128 0x6
 221 013e 55030000 		.4byte	.LASF39
 222 0142 32       		.byte	0x32
 223 0143 06       		.uleb128 0x6
 224 0144 2C070000 		.4byte	.LASF40
 225 0148 33       		.byte	0x33
 226 0149 06       		.uleb128 0x6
 227 014a 8C060000 		.4byte	.LASF41
 228 014e 34       		.byte	0x34
 229 014f 06       		.uleb128 0x6
 230 0150 8E080000 		.4byte	.LASF42
ARM GAS  C:\Users\sergio\AppData\Local\Temp\ccTAbeHQ.s 			page 7


 231 0154 35       		.byte	0x35
 232 0155 06       		.uleb128 0x6
 233 0156 A2030000 		.4byte	.LASF43
 234 015a 36       		.byte	0x36
 235 015b 06       		.uleb128 0x6
 236 015c 7B010000 		.4byte	.LASF44
 237 0160 37       		.byte	0x37
 238 0161 06       		.uleb128 0x6
 239 0162 57000000 		.4byte	.LASF45
 240 0166 40       		.byte	0x40
 241 0167 06       		.uleb128 0x6
 242 0168 0A060000 		.4byte	.LASF46
 243 016c 41       		.byte	0x41
 244 016d 06       		.uleb128 0x6
 245 016e DB000000 		.4byte	.LASF47
 246 0172 42       		.byte	0x42
 247 0173 06       		.uleb128 0x6
 248 0174 B0010000 		.4byte	.LASF48
 249 0178 43       		.byte	0x43
 250 0179 06       		.uleb128 0x6
 251 017a 8D090000 		.4byte	.LASF49
 252 017e 44       		.byte	0x44
 253 017f 06       		.uleb128 0x6
 254 0180 27090000 		.4byte	.LASF50
 255 0184 45       		.byte	0x45
 256 0185 06       		.uleb128 0x6
 257 0186 6C090000 		.4byte	.LASF51
 258 018a 46       		.byte	0x46
 259 018b 06       		.uleb128 0x6
 260 018c 76050000 		.4byte	.LASF52
 261 0190 47       		.byte	0x47
 262 0191 06       		.uleb128 0x6
 263 0192 BA050000 		.4byte	.LASF53
 264 0196 48       		.byte	0x48
 265 0197 06       		.uleb128 0x6
 266 0198 13030000 		.4byte	.LASF54
 267 019c 49       		.byte	0x49
 268 019d 06       		.uleb128 0x6
 269 019e B2070000 		.4byte	.LASF55
 270 01a2 4A       		.byte	0x4a
 271 01a3 06       		.uleb128 0x6
 272 01a4 6F020000 		.4byte	.LASF56
 273 01a8 4B       		.byte	0x4b
 274 01a9 06       		.uleb128 0x6
 275 01aa A0050000 		.4byte	.LASF57
 276 01ae 4C       		.byte	0x4c
 277 01af 06       		.uleb128 0x6
 278 01b0 24000000 		.4byte	.LASF58
 279 01b4 4D       		.byte	0x4d
 280 01b5 06       		.uleb128 0x6
 281 01b6 4E090000 		.4byte	.LASF59
 282 01ba 4E       		.byte	0x4e
 283 01bb 06       		.uleb128 0x6
 284 01bc 38050000 		.4byte	.LASF60
 285 01c0 4F       		.byte	0x4f
 286 01c1 06       		.uleb128 0x6
 287 01c2 7A0A0000 		.4byte	.LASF61
ARM GAS  C:\Users\sergio\AppData\Local\Temp\ccTAbeHQ.s 			page 8


 288 01c6 50       		.byte	0x50
 289 01c7 06       		.uleb128 0x6
 290 01c8 D0070000 		.4byte	.LASF62
 291 01cc 51       		.byte	0x51
 292 01cd 06       		.uleb128 0x6
 293 01ce 34040000 		.4byte	.LASF63
 294 01d2 52       		.byte	0x52
 295 01d3 06       		.uleb128 0x6
 296 01d4 CC030000 		.4byte	.LASF64
 297 01d8 53       		.byte	0x53
 298 01d9 06       		.uleb128 0x6
 299 01da 8E020000 		.4byte	.LASF65
 300 01de 54       		.byte	0x54
 301 01df 06       		.uleb128 0x6
 302 01e0 C30A0000 		.4byte	.LASF66
 303 01e4 55       		.byte	0x55
 304 01e5 06       		.uleb128 0x6
 305 01e6 180A0000 		.4byte	.LASF67
 306 01ea 56       		.byte	0x56
 307 01eb 06       		.uleb128 0x6
 308 01ec EF090000 		.4byte	.LASF68
 309 01f0 57       		.byte	0x57
 310 01f1 06       		.uleb128 0x6
 311 01f2 A4060000 		.4byte	.LASF69
 312 01f6 58       		.byte	0x58
 313 01f7 06       		.uleb128 0x6
 314 01f8 F5040000 		.4byte	.LASF70
 315 01fc 70       		.byte	0x70
 316 01fd 06       		.uleb128 0x6
 317 01fe E3080000 		.4byte	.LASF71
 318 0202 71       		.byte	0x71
 319 0203 06       		.uleb128 0x6
 320 0204 58070000 		.4byte	.LASF72
 321 0208 72       		.byte	0x72
 322 0209 06       		.uleb128 0x6
 323 020a 09090000 		.4byte	.LASF73
 324 020e 73       		.byte	0x73
 325 020f 06       		.uleb128 0x6
 326 0210 A7040000 		.4byte	.LASF74
 327 0214 74       		.byte	0x74
 328 0215 06       		.uleb128 0x6
 329 0216 4E060000 		.4byte	.LASF75
 330 021a 75       		.byte	0x75
 331 021b 06       		.uleb128 0x6
 332 021c EC020000 		.4byte	.LASF76
 333 0220 76       		.byte	0x76
 334 0221 06       		.uleb128 0x6
 335 0222 C4080000 		.4byte	.LASF77
 336 0226 77       		.byte	0x77
 337 0227 06       		.uleb128 0x6
 338 0228 2C080000 		.4byte	.LASF78
 339 022c 78       		.byte	0x78
 340 022d 06       		.uleb128 0x6
 341 022e 56080000 		.4byte	.LASF79
 342 0232 79       		.byte	0x79
 343 0233 06       		.uleb128 0x6
 344 0234 AB090000 		.4byte	.LASF80
ARM GAS  C:\Users\sergio\AppData\Local\Temp\ccTAbeHQ.s 			page 9


 345 0238 7A       		.byte	0x7a
 346 0239 06       		.uleb128 0x6
 347 023a 0E080000 		.4byte	.LASF81
 348 023e FA       		.byte	0xfa
 349 023f 06       		.uleb128 0x6
 350 0240 57050000 		.4byte	.LASF82
 351 0244 FB       		.byte	0xfb
 352 0245 06       		.uleb128 0x6
 353 0246 E70A0000 		.4byte	.LASF83
 354 024a FC       		.byte	0xfc
 355 024b 06       		.uleb128 0x6
 356 024c EB060000 		.4byte	.LASF84
 357 0250 FD       		.byte	0xfd
 358 0251 06       		.uleb128 0x6
 359 0252 E1090000 		.4byte	.LASF85
 360 0256 FF       		.byte	0xff
 361 0257 00       		.byte	0
 362 0258 04       		.uleb128 0x4
 363 0259 990A0000 		.4byte	.LASF87
 364 025d 03       		.byte	0x3
 365 025e 8901     		.2byte	0x189
 366 0260 6B000000 		.4byte	0x6b
 367 0264 07       		.uleb128 0x7
 368 0265 08       		.byte	0x8
 369 0266 04       		.byte	0x4
 370 0267 4C       		.byte	0x4c
 371 0268 85020000 		.4byte	0x285
 372 026c 08       		.uleb128 0x8
 373 026d 79080000 		.4byte	.LASF88
 374 0271 04       		.byte	0x4
 375 0272 4F       		.byte	0x4f
 376 0273 58020000 		.4byte	0x258
 377 0277 00       		.byte	0
 378 0278 08       		.uleb128 0x8
 379 0279 5C020000 		.4byte	.LASF89
 380 027d 04       		.byte	0x4
 381 027e 51       		.byte	0x51
 382 027f 85020000 		.4byte	0x285
 383 0283 02       		.byte	0x2
 384 0284 00       		.byte	0
 385 0285 09       		.uleb128 0x9
 386 0286 58020000 		.4byte	0x258
 387 028a 95020000 		.4byte	0x295
 388 028e 0A       		.uleb128 0xa
 389 028f 93000000 		.4byte	0x93
 390 0293 02       		.byte	0x2
 391 0294 00       		.byte	0
 392 0295 0B       		.uleb128 0xb
 393 0296 8D030000 		.4byte	.LASF90
 394 029a 04       		.byte	0x4
 395 029b 53       		.byte	0x53
 396 029c 64020000 		.4byte	0x264
 397 02a0 07       		.uleb128 0x7
 398 02a1 12       		.byte	0x12
 399 02a2 04       		.byte	0x4
 400 02a3 56       		.byte	0x56
 401 02a4 C1020000 		.4byte	0x2c1
ARM GAS  C:\Users\sergio\AppData\Local\Temp\ccTAbeHQ.s 			page 10


 402 02a8 08       		.uleb128 0x8
 403 02a9 31010000 		.4byte	.LASF91
 404 02ad 04       		.byte	0x4
 405 02ae 59       		.byte	0x59
 406 02af 58020000 		.4byte	0x258
 407 02b3 00       		.byte	0
 408 02b4 08       		.uleb128 0x8
 409 02b5 29050000 		.4byte	.LASF92
 410 02b9 04       		.byte	0x4
 411 02ba 5C       		.byte	0x5c
 412 02bb C1020000 		.4byte	0x2c1
 413 02bf 02       		.byte	0x2
 414 02c0 00       		.byte	0
 415 02c1 09       		.uleb128 0x9
 416 02c2 95020000 		.4byte	0x295
 417 02c6 D1020000 		.4byte	0x2d1
 418 02ca 0A       		.uleb128 0xa
 419 02cb 93000000 		.4byte	0x93
 420 02cf 01       		.byte	0x1
 421 02d0 00       		.byte	0
 422 02d1 0B       		.uleb128 0xb
 423 02d2 97040000 		.4byte	.LASF93
 424 02d6 04       		.byte	0x4
 425 02d7 5E       		.byte	0x5e
 426 02d8 A0020000 		.4byte	0x2a0
 427 02dc 0C       		.uleb128 0xc
 428 02dd 57010000 		.4byte	.LASF97
 429 02e1 01       		.byte	0x1
 430 02e2 52       		.byte	0x52
 431 02e3 00000000 		.4byte	.LFB2
 432 02e7 02000000 		.4byte	.LFE2-.LFB2
 433 02eb 01       		.uleb128 0x1
 434 02ec 9C       		.byte	0x9c
 435 02ed 09       		.uleb128 0x9
 436 02ee FD020000 		.4byte	0x2fd
 437 02f2 FD020000 		.4byte	0x2fd
 438 02f6 0A       		.uleb128 0xa
 439 02f7 93000000 		.4byte	0x93
 440 02fb 00       		.byte	0
 441 02fc 00       		.byte	0
 442 02fd 0D       		.uleb128 0xd
 443 02fe D1020000 		.4byte	0x2d1
 444 0302 0E       		.uleb128 0xe
 445 0303 B50A0000 		.4byte	.LASF98
 446 0307 01       		.byte	0x1
 447 0308 1A       		.byte	0x1a
 448 0309 13030000 		.4byte	0x313
 449 030d 05       		.uleb128 0x5
 450 030e 03       		.byte	0x3
 451 030f 00000000 		.4byte	cyBle_customs
 452 0313 0D       		.uleb128 0xd
 453 0314 ED020000 		.4byte	0x2ed
 454 0318 00       		.byte	0
 455              		.section	.debug_abbrev,"",%progbits
 456              	.Ldebug_abbrev0:
 457 0000 01       		.uleb128 0x1
 458 0001 11       		.uleb128 0x11
ARM GAS  C:\Users\sergio\AppData\Local\Temp\ccTAbeHQ.s 			page 11


 459 0002 01       		.byte	0x1
 460 0003 25       		.uleb128 0x25
 461 0004 0E       		.uleb128 0xe
 462 0005 13       		.uleb128 0x13
 463 0006 0B       		.uleb128 0xb
 464 0007 03       		.uleb128 0x3
 465 0008 0E       		.uleb128 0xe
 466 0009 1B       		.uleb128 0x1b
 467 000a 0E       		.uleb128 0xe
 468 000b 55       		.uleb128 0x55
 469 000c 17       		.uleb128 0x17
 470 000d 11       		.uleb128 0x11
 471 000e 01       		.uleb128 0x1
 472 000f 10       		.uleb128 0x10
 473 0010 17       		.uleb128 0x17
 474 0011 00       		.byte	0
 475 0012 00       		.byte	0
 476 0013 02       		.uleb128 0x2
 477 0014 24       		.uleb128 0x24
 478 0015 00       		.byte	0
 479 0016 0B       		.uleb128 0xb
 480 0017 0B       		.uleb128 0xb
 481 0018 3E       		.uleb128 0x3e
 482 0019 0B       		.uleb128 0xb
 483 001a 03       		.uleb128 0x3
 484 001b 0E       		.uleb128 0xe
 485 001c 00       		.byte	0
 486 001d 00       		.byte	0
 487 001e 03       		.uleb128 0x3
 488 001f 24       		.uleb128 0x24
 489 0020 00       		.byte	0
 490 0021 0B       		.uleb128 0xb
 491 0022 0B       		.uleb128 0xb
 492 0023 3E       		.uleb128 0x3e
 493 0024 0B       		.uleb128 0xb
 494 0025 03       		.uleb128 0x3
 495 0026 08       		.uleb128 0x8
 496 0027 00       		.byte	0
 497 0028 00       		.byte	0
 498 0029 04       		.uleb128 0x4
 499 002a 16       		.uleb128 0x16
 500 002b 00       		.byte	0
 501 002c 03       		.uleb128 0x3
 502 002d 0E       		.uleb128 0xe
 503 002e 3A       		.uleb128 0x3a
 504 002f 0B       		.uleb128 0xb
 505 0030 3B       		.uleb128 0x3b
 506 0031 05       		.uleb128 0x5
 507 0032 49       		.uleb128 0x49
 508 0033 13       		.uleb128 0x13
 509 0034 00       		.byte	0
 510 0035 00       		.byte	0
 511 0036 05       		.uleb128 0x5
 512 0037 04       		.uleb128 0x4
 513 0038 01       		.byte	0x1
 514 0039 0B       		.uleb128 0xb
 515 003a 0B       		.uleb128 0xb
ARM GAS  C:\Users\sergio\AppData\Local\Temp\ccTAbeHQ.s 			page 12


 516 003b 49       		.uleb128 0x49
 517 003c 13       		.uleb128 0x13
 518 003d 3A       		.uleb128 0x3a
 519 003e 0B       		.uleb128 0xb
 520 003f 3B       		.uleb128 0x3b
 521 0040 05       		.uleb128 0x5
 522 0041 01       		.uleb128 0x1
 523 0042 13       		.uleb128 0x13
 524 0043 00       		.byte	0
 525 0044 00       		.byte	0
 526 0045 06       		.uleb128 0x6
 527 0046 28       		.uleb128 0x28
 528 0047 00       		.byte	0
 529 0048 03       		.uleb128 0x3
 530 0049 0E       		.uleb128 0xe
 531 004a 1C       		.uleb128 0x1c
 532 004b 0B       		.uleb128 0xb
 533 004c 00       		.byte	0
 534 004d 00       		.byte	0
 535 004e 07       		.uleb128 0x7
 536 004f 13       		.uleb128 0x13
 537 0050 01       		.byte	0x1
 538 0051 0B       		.uleb128 0xb
 539 0052 0B       		.uleb128 0xb
 540 0053 3A       		.uleb128 0x3a
 541 0054 0B       		.uleb128 0xb
 542 0055 3B       		.uleb128 0x3b
 543 0056 0B       		.uleb128 0xb
 544 0057 01       		.uleb128 0x1
 545 0058 13       		.uleb128 0x13
 546 0059 00       		.byte	0
 547 005a 00       		.byte	0
 548 005b 08       		.uleb128 0x8
 549 005c 0D       		.uleb128 0xd
 550 005d 00       		.byte	0
 551 005e 03       		.uleb128 0x3
 552 005f 0E       		.uleb128 0xe
 553 0060 3A       		.uleb128 0x3a
 554 0061 0B       		.uleb128 0xb
 555 0062 3B       		.uleb128 0x3b
 556 0063 0B       		.uleb128 0xb
 557 0064 49       		.uleb128 0x49
 558 0065 13       		.uleb128 0x13
 559 0066 38       		.uleb128 0x38
 560 0067 0B       		.uleb128 0xb
 561 0068 00       		.byte	0
 562 0069 00       		.byte	0
 563 006a 09       		.uleb128 0x9
 564 006b 01       		.uleb128 0x1
 565 006c 01       		.byte	0x1
 566 006d 49       		.uleb128 0x49
 567 006e 13       		.uleb128 0x13
 568 006f 01       		.uleb128 0x1
 569 0070 13       		.uleb128 0x13
 570 0071 00       		.byte	0
 571 0072 00       		.byte	0
 572 0073 0A       		.uleb128 0xa
ARM GAS  C:\Users\sergio\AppData\Local\Temp\ccTAbeHQ.s 			page 13


 573 0074 21       		.uleb128 0x21
 574 0075 00       		.byte	0
 575 0076 49       		.uleb128 0x49
 576 0077 13       		.uleb128 0x13
 577 0078 2F       		.uleb128 0x2f
 578 0079 0B       		.uleb128 0xb
 579 007a 00       		.byte	0
 580 007b 00       		.byte	0
 581 007c 0B       		.uleb128 0xb
 582 007d 16       		.uleb128 0x16
 583 007e 00       		.byte	0
 584 007f 03       		.uleb128 0x3
 585 0080 0E       		.uleb128 0xe
 586 0081 3A       		.uleb128 0x3a
 587 0082 0B       		.uleb128 0xb
 588 0083 3B       		.uleb128 0x3b
 589 0084 0B       		.uleb128 0xb
 590 0085 49       		.uleb128 0x49
 591 0086 13       		.uleb128 0x13
 592 0087 00       		.byte	0
 593 0088 00       		.byte	0
 594 0089 0C       		.uleb128 0xc
 595 008a 2E       		.uleb128 0x2e
 596 008b 00       		.byte	0
 597 008c 3F       		.uleb128 0x3f
 598 008d 19       		.uleb128 0x19
 599 008e 03       		.uleb128 0x3
 600 008f 0E       		.uleb128 0xe
 601 0090 3A       		.uleb128 0x3a
 602 0091 0B       		.uleb128 0xb
 603 0092 3B       		.uleb128 0x3b
 604 0093 0B       		.uleb128 0xb
 605 0094 27       		.uleb128 0x27
 606 0095 19       		.uleb128 0x19
 607 0096 11       		.uleb128 0x11
 608 0097 01       		.uleb128 0x1
 609 0098 12       		.uleb128 0x12
 610 0099 06       		.uleb128 0x6
 611 009a 40       		.uleb128 0x40
 612 009b 18       		.uleb128 0x18
 613 009c 9742     		.uleb128 0x2117
 614 009e 19       		.uleb128 0x19
 615 009f 00       		.byte	0
 616 00a0 00       		.byte	0
 617 00a1 0D       		.uleb128 0xd
 618 00a2 26       		.uleb128 0x26
 619 00a3 00       		.byte	0
 620 00a4 49       		.uleb128 0x49
 621 00a5 13       		.uleb128 0x13
 622 00a6 00       		.byte	0
 623 00a7 00       		.byte	0
 624 00a8 0E       		.uleb128 0xe
 625 00a9 34       		.uleb128 0x34
 626 00aa 00       		.byte	0
 627 00ab 03       		.uleb128 0x3
 628 00ac 0E       		.uleb128 0xe
 629 00ad 3A       		.uleb128 0x3a
ARM GAS  C:\Users\sergio\AppData\Local\Temp\ccTAbeHQ.s 			page 14


 630 00ae 0B       		.uleb128 0xb
 631 00af 3B       		.uleb128 0x3b
 632 00b0 0B       		.uleb128 0xb
 633 00b1 49       		.uleb128 0x49
 634 00b2 13       		.uleb128 0x13
 635 00b3 3F       		.uleb128 0x3f
 636 00b4 19       		.uleb128 0x19
 637 00b5 02       		.uleb128 0x2
 638 00b6 18       		.uleb128 0x18
 639 00b7 00       		.byte	0
 640 00b8 00       		.byte	0
 641 00b9 00       		.byte	0
 642              		.section	.debug_aranges,"",%progbits
 643 0000 1C000000 		.4byte	0x1c
 644 0004 0200     		.2byte	0x2
 645 0006 00000000 		.4byte	.Ldebug_info0
 646 000a 04       		.byte	0x4
 647 000b 00       		.byte	0
 648 000c 0000     		.2byte	0
 649 000e 0000     		.2byte	0
 650 0010 00000000 		.4byte	.LFB2
 651 0014 02000000 		.4byte	.LFE2-.LFB2
 652 0018 00000000 		.4byte	0
 653 001c 00000000 		.4byte	0
 654              		.section	.debug_ranges,"",%progbits
 655              	.Ldebug_ranges0:
 656 0000 00000000 		.4byte	.LFB2
 657 0004 02000000 		.4byte	.LFE2
 658 0008 00000000 		.4byte	0
 659 000c 00000000 		.4byte	0
 660              		.section	.debug_line,"",%progbits
 661              	.Ldebug_line0:
 662 0000 9A000000 		.section	.debug_str,"MS",%progbits,1
 662      02008100 
 662      00000201 
 662      FB0E0D00 
 662      01010101 
 663              	.LASF23:
 664 0000 4359424C 		.ascii	"CYBLE_EVT_GAP_PASSKEY_ENTRY_REQUEST\000"
 664      455F4556 
 664      545F4741 
 664      505F5041 
 664      53534B45 
 665              	.LASF58:
 666 0024 4359424C 		.ascii	"CYBLE_EVT_GATTC_WRITE_RSP\000"
 666      455F4556 
 666      545F4741 
 666      5454435F 
 666      57524954 
 667              	.LASF20:
 668 003e 4359424C 		.ascii	"CYBLE_EVT_MEMORY_REQUEST\000"
 668      455F4556 
 668      545F4D45 
 668      4D4F5259 
 668      5F524551 
 669              	.LASF45:
 670 0057 4359424C 		.ascii	"CYBLE_EVT_GATTC_ERROR_RSP\000"
ARM GAS  C:\Users\sergio\AppData\Local\Temp\ccTAbeHQ.s 			page 15


 670      455F4556 
 670      545F4741 
 670      5454435F 
 670      4552524F 
 671              	.LASF29:
 672 0071 4359424C 		.ascii	"CYBLE_EVT_GAP_DEVICE_DISCONNECTED\000"
 672      455F4556 
 672      545F4741 
 672      505F4445 
 672      56494345 
 673              	.LASF35:
 674 0093 4359424C 		.ascii	"CYBLE_EVT_GAP_KEYPRESS_NOTIFICATION\000"
 674      455F4556 
 674      545F4741 
 674      505F4B45 
 674      59505245 
 675              	.LASF2:
 676 00b7 73686F72 		.ascii	"short int\000"
 676      7420696E 
 676      7400
 677              	.LASF26:
 678 00c1 4359424C 		.ascii	"CYBLE_EVT_GAP_AUTH_FAILED\000"
 678      455F4556 
 678      545F4741 
 678      505F4155 
 678      54485F46 
 679              	.LASF47:
 680 00db 4359424C 		.ascii	"CYBLE_EVT_GATT_DISCONNECT_IND\000"
 680      455F4556 
 680      545F4741 
 680      54545F44 
 680      4953434F 
 681              	.LASF13:
 682 00f9 73697A65 		.ascii	"sizetype\000"
 682      74797065 
 682      00
 683              	.LASF37:
 684 0102 4359424C 		.ascii	"CYBLE_EVT_GAP_DATA_LENGTH_CHANGE\000"
 684      455F4556 
 684      545F4741 
 684      505F4441 
 684      54415F4C 
 685              	.LASF6:
 686 0123 6C6F6E67 		.ascii	"long long int\000"
 686      206C6F6E 
 686      6720696E 
 686      7400
 687              	.LASF91:
 688 0131 63757374 		.ascii	"customServHandle\000"
 688      6F6D5365 
 688      72764861 
 688      6E646C65 
 688      00
 689              	.LASF18:
 690 0142 4359424C 		.ascii	"CYBLE_EVT_HCI_STATUS\000"
 690      455F4556 
 690      545F4843 
ARM GAS  C:\Users\sergio\AppData\Local\Temp\ccTAbeHQ.s 			page 16


 690      495F5354 
 690      41545553 
 691              	.LASF97:
 692 0157 4379426C 		.ascii	"CyBle_CustomInit\000"
 692      655F4375 
 692      73746F6D 
 692      496E6974 
 692      00
 693              	.LASF15:
 694 0168 4359424C 		.ascii	"CYBLE_EVT_STACK_ON\000"
 694      455F4556 
 694      545F5354 
 694      41434B5F 
 694      4F4E00
 695              	.LASF44:
 696 017b 4359424C 		.ascii	"CYBLE_EVT_GAP_SMP_LOC_P256_KEYS_GEN_AND_SET_COMPLET"
 696      455F4556 
 696      545F4741 
 696      505F534D 
 696      505F4C4F 
 697 01ae 4500     		.ascii	"E\000"
 698              	.LASF48:
 699 01b0 4359424C 		.ascii	"CYBLE_EVT_GATTS_XCNHG_MTU_REQ\000"
 699      455F4556 
 699      545F4741 
 699      5454535F 
 699      58434E48 
 700              	.LASF94:
 701 01ce 474E5520 		.ascii	"GNU C11 5.4.1 20160609 (release) [ARM/embedded-5-br"
 701      43313120 
 701      352E342E 
 701      31203230 
 701      31363036 
 702 0201 616E6368 		.ascii	"anch revision 237715] -mcpu=cortex-m0 -mthumb -g -O"
 702      20726576 
 702      6973696F 
 702      6E203233 
 702      37373135 
 703 0234 67202D66 		.ascii	"g -ffunction-sections -ffat-lto-objects\000"
 703      66756E63 
 703      74696F6E 
 703      2D736563 
 703      74696F6E 
 704              	.LASF89:
 705 025c 63757374 		.ascii	"customServCharDesc\000"
 705      6F6D5365 
 705      72764368 
 705      61724465 
 705      736300
 706              	.LASF56:
 707 026f 4359424C 		.ascii	"CYBLE_EVT_GATTC_READ_MULTI_RSP\000"
 707      455F4556 
 707      545F4741 
 707      5454435F 
 707      52454144 
 708              	.LASF65:
 709 028e 4359424C 		.ascii	"CYBLE_EVT_GATTS_HANDLE_VALUE_CNF\000"
ARM GAS  C:\Users\sergio\AppData\Local\Temp\ccTAbeHQ.s 			page 17


 709      455F4556 
 709      545F4741 
 709      5454535F 
 709      48414E44 
 710              	.LASF14:
 711 02af 4359424C 		.ascii	"CYBLE_EVT_HOST_INVALID\000"
 711      455F4556 
 711      545F484F 
 711      53545F49 
 711      4E56414C 
 712              	.LASF95:
 713 02c6 47656E65 		.ascii	"Generated_Source\\PSoC4\\BLE_1_custom.c\000"
 713      72617465 
 713      645F536F 
 713      75726365 
 713      5C50536F 
 714              	.LASF76:
 715 02ec 4359424C 		.ascii	"CYBLE_EVT_L2CAP_CBFC_DISCONN_CNF\000"
 715      455F4556 
 715      545F4C32 
 715      4341505F 
 715      43424643 
 716              	.LASF9:
 717 030d 666C6F61 		.ascii	"float\000"
 717      7400
 718              	.LASF54:
 719 0313 4359424C 		.ascii	"CYBLE_EVT_GATTC_READ_RSP\000"
 719      455F4556 
 719      545F4741 
 719      5454435F 
 719      52454144 
 720              	.LASF34:
 721 032c 4359424C 		.ascii	"CYBLE_EVT_GAP_NUMERIC_COMPARISON_REQUEST\000"
 721      455F4556 
 721      545F4741 
 721      505F4E55 
 721      4D455249 
 722              	.LASF39:
 723 0355 4359424C 		.ascii	"CYBLE_EVT_GAPC_DIRECT_ADV_REPORT\000"
 723      455F4556 
 723      545F4741 
 723      50435F44 
 723      49524543 
 724              	.LASF7:
 725 0376 6C6F6E67 		.ascii	"long long unsigned int\000"
 725      206C6F6E 
 725      6720756E 
 725      7369676E 
 725      65642069 
 726              	.LASF90:
 727 038d 4359424C 		.ascii	"CYBLE_CUSTOMS_INFO_T\000"
 727      455F4355 
 727      53544F4D 
 727      535F494E 
 727      464F5F54 
 728              	.LASF43:
 729 03a2 4359424C 		.ascii	"CYBLE_EVT_GAP_AUTH_REQ_REPLY_ERR\000"
ARM GAS  C:\Users\sergio\AppData\Local\Temp\ccTAbeHQ.s 			page 18


 729      455F4556 
 729      545F4741 
 729      505F4155 
 729      54485F52 
 730              	.LASF4:
 731 03c3 6C6F6E67 		.ascii	"long int\000"
 731      20696E74 
 731      00
 732              	.LASF64:
 733 03cc 4359424C 		.ascii	"CYBLE_EVT_GATTC_HANDLE_VALUE_IND\000"
 733      455F4556 
 733      545F4741 
 733      5454435F 
 733      48414E44 
 734              	.LASF28:
 735 03ed 4359424C 		.ascii	"CYBLE_EVT_GAP_DEVICE_CONNECTED\000"
 735      455F4556 
 735      545F4741 
 735      505F4445 
 735      56494345 
 736              	.LASF27:
 737 040c 4359424C 		.ascii	"CYBLE_EVT_GAPP_ADVERTISEMENT_START_STOP\000"
 737      455F4556 
 737      545F4741 
 737      50505F41 
 737      44564552 
 738              	.LASF63:
 739 0434 4359424C 		.ascii	"CYBLE_EVT_GATTC_HANDLE_VALUE_NTF\000"
 739      455F4556 
 739      545F4741 
 739      5454435F 
 739      48414E44 
 740              	.LASF19:
 741 0455 4359424C 		.ascii	"CYBLE_EVT_STACK_BUSY_STATUS\000"
 741      455F4556 
 741      545F5354 
 741      41434B5F 
 741      42555359 
 742              	.LASF24:
 743 0471 4359424C 		.ascii	"CYBLE_EVT_GAP_PASSKEY_DISPLAY_REQUEST\000"
 743      455F4556 
 743      545F4741 
 743      505F5041 
 743      53534B45 
 744              	.LASF93:
 745 0497 4359424C 		.ascii	"CYBLE_CUSTOMS_T\000"
 745      455F4355 
 745      53544F4D 
 745      535F5400 
 746              	.LASF74:
 747 04a7 4359424C 		.ascii	"CYBLE_EVT_L2CAP_CBFC_CONN_CNF\000"
 747      455F4556 
 747      545F4C32 
 747      4341505F 
 747      43424643 
 748              	.LASF38:
 749 04c5 4359424C 		.ascii	"CYBLE_EVT_GAP_ENHANCE_CONN_COMPLETE\000"
ARM GAS  C:\Users\sergio\AppData\Local\Temp\ccTAbeHQ.s 			page 19


 749      455F4556 
 749      545F4741 
 749      505F454E 
 749      48414E43 
 750              	.LASF12:
 751 04e9 6C6F6E67 		.ascii	"long double\000"
 751      20646F75 
 751      626C6500 
 752              	.LASF70:
 753 04f5 4359424C 		.ascii	"CYBLE_EVT_L2CAP_CONN_PARAM_UPDATE_REQ\000"
 753      455F4556 
 753      545F4C32 
 753      4341505F 
 753      434F4E4E 
 754              	.LASF1:
 755 051b 756E7369 		.ascii	"unsigned char\000"
 755      676E6564 
 755      20636861 
 755      7200
 756              	.LASF92:
 757 0529 63757374 		.ascii	"customServInfo\000"
 757      6F6D5365 
 757      7276496E 
 757      666F00
 758              	.LASF60:
 759 0538 4359424C 		.ascii	"CYBLE_EVT_GATTS_PREP_WRITE_REQ\000"
 759      455F4556 
 759      545F4741 
 759      5454535F 
 759      50524550 
 760              	.LASF82:
 761 0557 4359424C 		.ascii	"CYBLE_EVT_LE_PING_AUTH_TIMEOUT\000"
 761      455F4556 
 761      545F4C45 
 761      5F50494E 
 761      475F4155 
 762              	.LASF52:
 763 0576 4359424C 		.ascii	"CYBLE_EVT_GATTC_FIND_INFO_RSP\000"
 763      455F4556 
 763      545F4741 
 763      5454435F 
 763      46494E44 
 764              	.LASF0:
 765 0594 7369676E 		.ascii	"signed char\000"
 765      65642063 
 765      68617200 
 766              	.LASF57:
 767 05a0 4359424C 		.ascii	"CYBLE_EVT_GATTS_WRITE_REQ\000"
 767      455F4556 
 767      545F4741 
 767      5454535F 
 767      57524954 
 768              	.LASF53:
 769 05ba 4359424C 		.ascii	"CYBLE_EVT_GATTC_FIND_BY_TYPE_VALUE_RSP\000"
 769      455F4556 
 769      545F4741 
 769      5454435F 
ARM GAS  C:\Users\sergio\AppData\Local\Temp\ccTAbeHQ.s 			page 20


 769      46494E44 
 770              	.LASF25:
 771 05e1 4359424C 		.ascii	"CYBLE_EVT_GAP_AUTH_COMPLETE\000"
 771      455F4556 
 771      545F4741 
 771      505F4155 
 771      54485F43 
 772              	.LASF8:
 773 05fd 756E7369 		.ascii	"unsigned int\000"
 773      676E6564 
 773      20696E74 
 773      00
 774              	.LASF46:
 775 060a 4359424C 		.ascii	"CYBLE_EVT_GATT_CONNECT_IND\000"
 775      455F4556 
 775      545F4741 
 775      54545F43 
 775      4F4E4E45 
 776              	.LASF5:
 777 0625 6C6F6E67 		.ascii	"long unsigned int\000"
 777      20756E73 
 777      69676E65 
 777      6420696E 
 777      7400
 778              	.LASF22:
 779 0637 4359424C 		.ascii	"CYBLE_EVT_GAP_AUTH_REQ\000"
 779      455F4556 
 779      545F4741 
 779      505F4155 
 779      54485F52 
 780              	.LASF75:
 781 064e 4359424C 		.ascii	"CYBLE_EVT_L2CAP_CBFC_DISCONN_IND\000"
 781      455F4556 
 781      545F4C32 
 781      4341505F 
 781      43424643 
 782              	.LASF30:
 783 066f 4359424C 		.ascii	"CYBLE_EVT_GAP_ENCRYPT_CHANGE\000"
 783      455F4556 
 783      545F4741 
 783      505F454E 
 783      43525950 
 784              	.LASF41:
 785 068c 4359424C 		.ascii	"CYBLE_EVT_GAP_CONN_ESTB\000"
 785      455F4556 
 785      545F4741 
 785      505F434F 
 785      4E4E5F45 
 786              	.LASF69:
 787 06a4 4359424C 		.ascii	"CYBLE_EVT_GATTC_LONG_PROCEDURE_END\000"
 787      455F4556 
 787      545F4741 
 787      5454435F 
 787      4C4F4E47 
 788              	.LASF33:
 789 06c7 4359424C 		.ascii	"CYBLE_EVT_GAP_KEYINFO_EXCHNGE_CMPLT\000"
 789      455F4556 
ARM GAS  C:\Users\sergio\AppData\Local\Temp\ccTAbeHQ.s 			page 21


 789      545F4741 
 789      505F4B45 
 789      59494E46 
 790              	.LASF84:
 791 06eb 4359424C 		.ascii	"CYBLE_EVT_FLASH_CORRUPT\000"
 791      455F4556 
 791      545F464C 
 791      4153485F 
 791      434F5252 
 792              	.LASF31:
 793 0703 4359424C 		.ascii	"CYBLE_EVT_GAP_CONNECTION_UPDATE_COMPLETE\000"
 793      455F4556 
 793      545F4741 
 793      505F434F 
 793      4E4E4543 
 794              	.LASF40:
 795 072c 4359424C 		.ascii	"CYBLE_EVT_GAP_SMP_NEGOTIATED_AUTH_INFO\000"
 795      455F4556 
 795      545F4741 
 795      505F534D 
 795      505F4E45 
 796              	.LASF11:
 797 0753 63686172 		.ascii	"char\000"
 797      00
 798              	.LASF72:
 799 0758 4359424C 		.ascii	"CYBLE_EVT_L2CAP_COMMAND_REJ\000"
 799      455F4556 
 799      545F4C32 
 799      4341505F 
 799      434F4D4D 
 800              	.LASF3:
 801 0774 73686F72 		.ascii	"short unsigned int\000"
 801      7420756E 
 801      7369676E 
 801      65642069 
 801      6E7400
 802              	.LASF21:
 803 0787 4359424C 		.ascii	"CYBLE_EVT_GAPC_SCAN_PROGRESS_RESULT\000"
 803      455F4556 
 803      545F4741 
 803      50435F53 
 803      43414E5F 
 804              	.LASF86:
 805 07ab 75696E74 		.ascii	"uint16\000"
 805      313600
 806              	.LASF55:
 807 07b2 4359424C 		.ascii	"CYBLE_EVT_GATTC_READ_BLOB_RSP\000"
 807      455F4556 
 807      545F4741 
 807      5454435F 
 807      52454144 
 808              	.LASF62:
 809 07d0 4359424C 		.ascii	"CYBLE_EVT_GATTC_EXEC_WRITE_RSP\000"
 809      455F4556 
 809      545F4741 
 809      5454435F 
 809      45584543 
ARM GAS  C:\Users\sergio\AppData\Local\Temp\ccTAbeHQ.s 			page 22


 810              	.LASF32:
 811 07ef 4359424C 		.ascii	"CYBLE_EVT_GAPC_SCAN_START_STOP\000"
 811      455F4556 
 811      545F4741 
 811      50435F53 
 811      43414E5F 
 812              	.LASF81:
 813 080e 4359424C 		.ascii	"CYBLE_EVT_PENDING_FLASH_WRITE\000"
 813      455F4556 
 813      545F5045 
 813      4E44494E 
 813      475F464C 
 814              	.LASF78:
 815 082c 4359424C 		.ascii	"CYBLE_EVT_L2CAP_CBFC_RX_CREDIT_IND\000"
 815      455F4556 
 815      545F4C32 
 815      4341505F 
 815      43424643 
 816              	.LASF10:
 817 084f 646F7562 		.ascii	"double\000"
 817      6C6500
 818              	.LASF79:
 819 0856 4359424C 		.ascii	"CYBLE_EVT_L2CAP_CBFC_TX_CREDIT_IND\000"
 819      455F4556 
 819      545F4C32 
 819      4341505F 
 819      43424643 
 820              	.LASF88:
 821 0879 63757374 		.ascii	"customServCharHandle\000"
 821      6F6D5365 
 821      72764368 
 821      61724861 
 821      6E646C65 
 822              	.LASF42:
 823 088e 4359424C 		.ascii	"CYBLE_EVT_GAP_SCAN_REQ_RECVD\000"
 823      455F4556 
 823      545F4741 
 823      505F5343 
 823      414E5F52 
 824              	.LASF17:
 825 08ab 4359424C 		.ascii	"CYBLE_EVT_HARDWARE_ERROR\000"
 825      455F4556 
 825      545F4841 
 825      52445741 
 825      52455F45 
 826              	.LASF77:
 827 08c4 4359424C 		.ascii	"CYBLE_EVT_L2CAP_CBFC_DATA_READ\000"
 827      455F4556 
 827      545F4C32 
 827      4341505F 
 827      43424643 
 828              	.LASF71:
 829 08e3 4359424C 		.ascii	"CYBLE_EVT_L2CAP_CONN_PARAM_UPDATE_RSP\000"
 829      455F4556 
 829      545F4C32 
 829      4341505F 
 829      434F4E4E 
ARM GAS  C:\Users\sergio\AppData\Local\Temp\ccTAbeHQ.s 			page 23


 830              	.LASF73:
 831 0909 4359424C 		.ascii	"CYBLE_EVT_L2CAP_CBFC_CONN_IND\000"
 831      455F4556 
 831      545F4C32 
 831      4341505F 
 831      43424643 
 832              	.LASF50:
 833 0927 4359424C 		.ascii	"CYBLE_EVT_GATTC_READ_BY_GROUP_TYPE_RSP\000"
 833      455F4556 
 833      545F4741 
 833      5454435F 
 833      52454144 
 834              	.LASF59:
 835 094e 4359424C 		.ascii	"CYBLE_EVT_GATTS_WRITE_CMD_REQ\000"
 835      455F4556 
 835      545F4741 
 835      5454535F 
 835      57524954 
 836              	.LASF51:
 837 096c 4359424C 		.ascii	"CYBLE_EVT_GATTC_READ_BY_TYPE_RSP\000"
 837      455F4556 
 837      545F4741 
 837      5454435F 
 837      52454144 
 838              	.LASF49:
 839 098d 4359424C 		.ascii	"CYBLE_EVT_GATTC_XCHNG_MTU_RSP\000"
 839      455F4556 
 839      545F4741 
 839      5454435F 
 839      5843484E 
 840              	.LASF80:
 841 09ab 4359424C 		.ascii	"CYBLE_EVT_L2CAP_CBFC_DATA_WRITE_IND\000"
 841      455F4556 
 841      545F4C32 
 841      4341505F 
 841      43424643 
 842              	.LASF16:
 843 09cf 4359424C 		.ascii	"CYBLE_EVT_TIMEOUT\000"
 843      455F4556 
 843      545F5449 
 843      4D454F55 
 843      5400
 844              	.LASF85:
 845 09e1 4359424C 		.ascii	"CYBLE_EVT_MAX\000"
 845      455F4556 
 845      545F4D41 
 845      5800
 846              	.LASF68:
 847 09ef 4359424C 		.ascii	"CYBLE_EVT_GATTS_READ_CHAR_VAL_ACCESS_REQ\000"
 847      455F4556 
 847      545F4741 
 847      5454535F 
 847      52454144 
 848              	.LASF67:
 849 0a18 4359424C 		.ascii	"CYBLE_EVT_GATTC_STOP_CMD_COMPLETE\000"
 849      455F4556 
 849      545F4741 
ARM GAS  C:\Users\sergio\AppData\Local\Temp\ccTAbeHQ.s 			page 24


 849      5454435F 
 849      53544F50 
 850              	.LASF96:
 851 0a3a 433A5C55 		.ascii	"C:\\Users\\sergio\\Documents\\PSoC Creator\\NewBLE_"
 851      73657273 
 851      5C736572 
 851      67696F5C 
 851      446F6375 
 852 0a68 54657374 		.ascii	"Test\\SDBLEE.cydsn\000"
 852      5C534442 
 852      4C45452E 
 852      63796473 
 852      6E00
 853              	.LASF61:
 854 0a7a 4359424C 		.ascii	"CYBLE_EVT_GATTS_EXEC_WRITE_REQ\000"
 854      455F4556 
 854      545F4741 
 854      5454535F 
 854      45584543 
 855              	.LASF87:
 856 0a99 4359424C 		.ascii	"CYBLE_GATT_DB_ATTR_HANDLE_T\000"
 856      455F4741 
 856      54545F44 
 856      425F4154 
 856      54525F48 
 857              	.LASF98:
 858 0ab5 6379426C 		.ascii	"cyBle_customs\000"
 858      655F6375 
 858      73746F6D 
 858      7300
 859              	.LASF66:
 860 0ac3 4359424C 		.ascii	"CYBLE_EVT_GATTS_DATA_SIGNED_CMD_REQ\000"
 860      455F4556 
 860      545F4741 
 860      5454535F 
 860      44415441 
 861              	.LASF83:
 862 0ae7 4359424C 		.ascii	"CYBLE_EVT_HCI_PKT\000"
 862      455F4556 
 862      545F4843 
 862      495F504B 
 862      5400
 863              	.LASF36:
 864 0af9 4359424C 		.ascii	"CYBLE_EVT_GAP_OOB_GENERATED_NOTIFICATION\000"
 864      455F4556 
 864      545F4741 
 864      505F4F4F 
 864      425F4745 
 865              		.ident	"GCC: (GNU Tools for ARM Embedded Processors) 5.4.1 20160609 (release) [ARM/embedded-5-bran
