ARM GAS  C:\Users\sergio\AppData\Local\Temp\cciqBKgL.s 			page 1


   1              		.syntax unified
   2              		.cpu cortex-m0
   3              		.fpu softvfp
   4              		.eabi_attribute 20, 1
   5              		.eabi_attribute 21, 1
   6              		.eabi_attribute 23, 3
   7              		.eabi_attribute 24, 1
   8              		.eabi_attribute 25, 1
   9              		.eabi_attribute 26, 1
  10              		.eabi_attribute 30, 1
  11              		.eabi_attribute 34, 0
  12              		.eabi_attribute 18, 4
  13              		.thumb
  14              		.syntax unified
  15              		.file	"debug.c"
  16              		.text
  17              	.Ltext0:
  18              		.cfi_sections	.debug_frame
  19              		.section	.text._write,"ax",%progbits
  20              		.align	2
  21              		.global	_write
  22              		.code	16
  23              		.thumb_func
  24              		.type	_write, %function
  25              	_write:
  26              	.LFB36:
  27              		.file 1 "debug.c"
   1:debug.c       **** /*******************************************************************************
   2:debug.c       **** * File Name: debug.c
   3:debug.c       **** *
   4:debug.c       **** * Version: 1.40
   5:debug.c       **** *
   6:debug.c       **** * Description:
   7:debug.c       **** *  This file contains functions for printf functionality.
   8:debug.c       **** *
   9:debug.c       **** * Hardware Dependency:
  10:debug.c       **** *  CY8CKIT-042 BLE
  11:debug.c       **** *
  12:debug.c       **** ********************************************************************************
  13:debug.c       **** * Copyright 2014-2016, Cypress Semiconductor Corporation.  All rights reserved.
  14:debug.c       **** * This software is owned by Cypress Semiconductor Corporation and is protected
  15:debug.c       **** * by and subject to worldwide patent and copyright laws and treaties.
  16:debug.c       **** * Therefore, you may use this software only as provided in the license agreement
  17:debug.c       **** * accompanying the software package from which you obtained this software.
  18:debug.c       **** * CYPRESS AND ITS SUPPLIERS MAKE NO WARRANTY OF ANY KIND, EXPRESS OR IMPLIED,
  19:debug.c       **** * WITH REGARD TO THIS SOFTWARE, INCLUDING, BUT NOT LIMITED TO, NONINFRINGEMENT,
  20:debug.c       **** * IMPLIED WARRANTIES OF MERCHANTABILITY AND FITNESS FOR A PARTICULAR PURPOSE.
  21:debug.c       **** *******************************************************************************/
  22:debug.c       **** #include "project.h"
  23:debug.c       **** #include "common.h"
  24:debug.c       **** #if defined(__ARMCC_VERSION)
  25:debug.c       **** /* For MDK/RVDS compiler revise fputc function for printf functionality */
  26:debug.c       **** struct __FILE
  27:debug.c       **** {
  28:debug.c       ****    int handle;
  29:debug.c       **** };
  30:debug.c       **** enum
ARM GAS  C:\Users\sergio\AppData\Local\Temp\cciqBKgL.s 			page 2


  31:debug.c       **** {
  32:debug.c       ****    STDIN_HANDLE,
  33:debug.c       ****    STDOUT_HANDLE,
  34:debug.c       ****    STDERR_HANDLE
  35:debug.c       **** };
  36:debug.c       **** FILE __stdin = {STDIN_HANDLE};
  37:debug.c       **** FILE __stdout = {STDOUT_HANDLE};
  38:debug.c       **** FILE __stderr = {STDERR_HANDLE};
  39:debug.c       **** int fputc(int ch, FILE *file)
  40:debug.c       **** {
  41:debug.c       ****    int ret = EOF;
  42:debug.c       ****    switch( file->handle )
  43:debug.c       ****    {
  44:debug.c       ****        case STDOUT_HANDLE:
  45:debug.c       ****            UART_PutChar(ch);
  46:debug.c       ****            ret = ch ;
  47:debug.c       ****            break ;
  48:debug.c       ****        case STDERR_HANDLE:
  49:debug.c       ****            ret = ch ;
  50:debug.c       ****            break ;
  51:debug.c       ****        default:
  52:debug.c       ****            file = file;
  53:debug.c       ****            break ;
  54:debug.c       ****    }
  55:debug.c       ****    return ret ;
  56:debug.c       **** }
  57:debug.c       **** #elif defined (__ICCARM__)      /* IAR */
  58:debug.c       **** /* For IAR compiler revise __write() function for printf functionality */
  59:debug.c       **** size_t __write(int handle, const unsigned char * buffer, size_t size)
  60:debug.c       **** {
  61:debug.c       ****    size_t nChars = 0;
  62:debug.c       ****    if (buffer == 0)
  63:debug.c       ****    {
  64:debug.c       ****        /*
  65:debug.c       ****         * This means that we should flush internal buffers.  Since we
  66:debug.c       ****         * don't we just return.  (Remember, "handle" == -1 means that all
  67:debug.c       ****         * handles should be flushed.)
  68:debug.c       ****         */
  69:debug.c       ****        return (0);
  70:debug.c       ****    }
  71:debug.c       ****    for (/* Empty */; size != 0; --size)
  72:debug.c       ****    {
  73:debug.c       ****        UART_PutChar(*buffer);
  74:debug.c       ****        ++buffer;
  75:debug.c       ****        ++nChars;
  76:debug.c       ****    }
  77:debug.c       ****    return (nChars);
  78:debug.c       **** }
  79:debug.c       **** #else  /* (__GNUC__)  GCC */
  80:debug.c       **** /* For GCC compiler revise _write() function for printf functionality */
  81:debug.c       **** int _write(int file, char *ptr, int len)
  82:debug.c       **** {
  28              		.loc 1 82 0
  29              		.cfi_startproc
  30              		@ args = 0, pretend = 0, frame = 0
  31              		@ frame_needed = 0, uses_anonymous_args = 0
  32              	.LVL0:
ARM GAS  C:\Users\sergio\AppData\Local\Temp\cciqBKgL.s 			page 3


  33 0000 70B5     		push	{r4, r5, r6, lr}
  34              		.cfi_def_cfa_offset 16
  35              		.cfi_offset 4, -16
  36              		.cfi_offset 5, -12
  37              		.cfi_offset 6, -8
  38              		.cfi_offset 14, -4
  39 0002 0D00     		movs	r5, r1
  40 0004 1600     		movs	r6, r2
  41              	.LVL1:
  83:debug.c       ****    int i;
  84:debug.c       ****    file = file;
  85:debug.c       ****    for (i = 0; i < len; i++)
  42              		.loc 1 85 0
  43 0006 0024     		movs	r4, #0
  44 0008 04E0     		b	.L2
  45              	.LVL2:
  46              	.L3:
  86:debug.c       ****    {
  87:debug.c       ****        UART_PutChar(*ptr);
  47              		.loc 1 87 0 discriminator 3
  48 000a 2878     		ldrb	r0, [r5]
  49 000c FFF7FEFF 		bl	UART_PutChar
  50              	.LVL3:
  88:debug.c       ****        ++ptr;
  51              		.loc 1 88 0 discriminator 3
  52 0010 0135     		adds	r5, r5, #1
  53              	.LVL4:
  85:debug.c       ****    {
  54              		.loc 1 85 0 discriminator 3
  55 0012 0134     		adds	r4, r4, #1
  56              	.LVL5:
  57              	.L2:
  85:debug.c       ****    {
  58              		.loc 1 85 0 is_stmt 0 discriminator 1
  59 0014 B442     		cmp	r4, r6
  60 0016 F8DB     		blt	.L3
  89:debug.c       ****    }
  90:debug.c       ****    return len;
  91:debug.c       **** }
  61              		.loc 1 91 0 is_stmt 1
  62 0018 3000     		movs	r0, r6
  63              		@ sp needed
  64              	.LVL6:
  65              	.LVL7:
  66              	.LVL8:
  67 001a 70BD     		pop	{r4, r5, r6, pc}
  68              		.cfi_endproc
  69              	.LFE36:
  70              		.size	_write, .-_write
  71              		.section	.text.ShowValue,"ax",%progbits
  72              		.align	2
  73              		.global	ShowValue
  74              		.code	16
  75              		.thumb_func
  76              		.type	ShowValue, %function
  77              	ShowValue:
  78              	.LFB37:
ARM GAS  C:\Users\sergio\AppData\Local\Temp\cciqBKgL.s 			page 4


  92:debug.c       **** #endif  /* (__ARMCC_VERSION) */
  93:debug.c       **** void ShowValue(CYBLE_GATT_VALUE_T *value)
  94:debug.c       **** {
  79              		.loc 1 94 0
  80              		.cfi_startproc
  81              		@ args = 0, pretend = 0, frame = 0
  82              		@ frame_needed = 0, uses_anonymous_args = 0
  83              	.LVL9:
  84 0000 70B5     		push	{r4, r5, r6, lr}
  85              		.cfi_def_cfa_offset 16
  86              		.cfi_offset 4, -16
  87              		.cfi_offset 5, -12
  88              		.cfi_offset 6, -8
  89              		.cfi_offset 14, -4
  90 0002 0500     		movs	r5, r0
  91              	.LVL10:
  95:debug.c       ****    int16 i;
  96:debug.c       ****    for(i = 0; i < value->len; i++)
  92              		.loc 1 96 0
  93 0004 0024     		movs	r4, #0
  94 0006 06E0     		b	.L5
  95              	.LVL11:
  96              	.L6:
  97:debug.c       ****    {
  98:debug.c       ****        DBG_PRINTF("%2.2x ", value->val[i]);
  97              		.loc 1 98 0 discriminator 3
  98 0008 2B68     		ldr	r3, [r5]
  99 000a 195D     		ldrb	r1, [r3, r4]
 100 000c 0548     		ldr	r0, .L7
 101 000e FFF7FEFF 		bl	printf
 102              	.LVL12:
  96:debug.c       ****    {
 103              		.loc 1 96 0 discriminator 3
 104 0012 0134     		adds	r4, r4, #1
 105              	.LVL13:
 106 0014 24B2     		sxth	r4, r4
 107              	.LVL14:
 108              	.L5:
  96:debug.c       ****    {
 109              		.loc 1 96 0 is_stmt 0 discriminator 1
 110 0016 AB88     		ldrh	r3, [r5, #4]
 111 0018 9C42     		cmp	r4, r3
 112 001a F5DB     		blt	.L6
  99:debug.c       ****    }
 100:debug.c       ****    DBG_PRINTF("\r\n");
 113              		.loc 1 100 0 is_stmt 1
 114 001c 0248     		ldr	r0, .L7+4
 115 001e FFF7FEFF 		bl	puts
 116              	.LVL15:
 101:debug.c       **** }
 117              		.loc 1 101 0
 118              		@ sp needed
 119              	.LVL16:
 120              	.LVL17:
 121 0022 70BD     		pop	{r4, r5, r6, pc}
 122              	.L8:
 123              		.align	2
ARM GAS  C:\Users\sergio\AppData\Local\Temp\cciqBKgL.s 			page 5


 124              	.L7:
 125 0024 00000000 		.word	.LC0
 126 0028 08000000 		.word	.LC2
 127              		.cfi_endproc
 128              	.LFE37:
 129              		.size	ShowValue, .-ShowValue
 130              		.section	.text.Set32ByPtr,"ax",%progbits
 131              		.align	2
 132              		.global	Set32ByPtr
 133              		.code	16
 134              		.thumb_func
 135              		.type	Set32ByPtr, %function
 136              	Set32ByPtr:
 137              	.LFB38:
 102:debug.c       **** void Set32ByPtr(uint8 ptr[], uint32 value)
 103:debug.c       **** {
 138              		.loc 1 103 0
 139              		.cfi_startproc
 140              		@ args = 0, pretend = 0, frame = 0
 141              		@ frame_needed = 0, uses_anonymous_args = 0
 142              		@ link register save eliminated.
 143              	.LVL18:
 104:debug.c       ****    ptr[0u] = (uint8) value;
 144              		.loc 1 104 0
 145 0000 0170     		strb	r1, [r0]
 105:debug.c       ****    ptr[1u] = (uint8) (value >> 8u);
 146              		.loc 1 105 0
 147 0002 0B0A     		lsrs	r3, r1, #8
 148 0004 4370     		strb	r3, [r0, #1]
 106:debug.c       ****    ptr[2u] = (uint8) (value >> 16u);
 149              		.loc 1 106 0
 150 0006 0B0C     		lsrs	r3, r1, #16
 151 0008 8370     		strb	r3, [r0, #2]
 107:debug.c       ****    ptr[3u] = (uint8) (value >> 24u);
 152              		.loc 1 107 0
 153 000a 090E     		lsrs	r1, r1, #24
 154              	.LVL19:
 155 000c C170     		strb	r1, [r0, #3]
 108:debug.c       **** }
 156              		.loc 1 108 0
 157              		@ sp needed
 158 000e 7047     		bx	lr
 159              		.cfi_endproc
 160              	.LFE38:
 161              		.size	Set32ByPtr, .-Set32ByPtr
 162              		.section	.text.ShowError,"ax",%progbits
 163              		.align	2
 164              		.global	ShowError
 165              		.code	16
 166              		.thumb_func
 167              		.type	ShowError, %function
 168              	ShowError:
 169              	.LFB39:
 109:debug.c       **** /*******************************************************************************
 110:debug.c       **** * Function Name: ShowError()
 111:debug.c       **** ********************************************************************************
 112:debug.c       **** *
ARM GAS  C:\Users\sergio\AppData\Local\Temp\cciqBKgL.s 			page 6


 113:debug.c       **** * Summary:
 114:debug.c       **** *   Shows error condition: Turn On all leds - white colour will indicate error.
 115:debug.c       **** *
 116:debug.c       **** *******************************************************************************/
 117:debug.c       **** void ShowError(void)
 118:debug.c       **** {
 170              		.loc 1 118 0
 171              		.cfi_startproc
 172              		@ args = 0, pretend = 0, frame = 0
 173              		@ frame_needed = 0, uses_anonymous_args = 0
 174 0000 10B5     		push	{r4, lr}
 175              		.cfi_def_cfa_offset 8
 176              		.cfi_offset 4, -8
 177              		.cfi_offset 14, -4
 119:debug.c       **** //    Disconnect_LED_Write(LED_ON);
 120:debug.c       **** //    Advertising_LED_Write(LED_ON);
 121:debug.c       **** //    CapsLock_LED_Write(LED_ON);
 122:debug.c       ****    /* Halt CPU in Debug mode */
 123:debug.c       ****    CYASSERT(0u != 0u);
 178              		.loc 1 123 0
 179 0002 0020     		movs	r0, #0
 180 0004 FFF7FEFF 		bl	CyHalt
 181              	.LVL20:
 124:debug.c       **** }
 182              		.loc 1 124 0
 183              		@ sp needed
 184 0008 10BD     		pop	{r4, pc}
 185              		.cfi_endproc
 186              	.LFE39:
 187              		.size	ShowError, .-ShowError
 188 000a C046     		.section	.rodata.str1.4,"aMS",%progbits,1
 189              		.align	2
 190              	.LC0:
 191 0000 25322E32 		.ascii	"%2.2x \000"
 191      782000
 192 0007 00       		.space	1
 193              	.LC2:
 194 0008 0D00     		.ascii	"\015\000"
 195              		.text
 196              	.Letext0:
 197              		.file 2 "Generated_Source\\PSoC4/cytypes.h"
 198              		.file 3 "Generated_Source\\PSoC4/BLE_1_StackGatt.h"
 199              		.file 4 "Generated_Source\\PSoC4/UART.h"
 200              		.file 5 "c:\\program files (x86)\\cypress\\psoc creator\\4.2\\psoc creator\\import\\gnu\\arm\\5.4.
 201              		.file 6 "Generated_Source\\PSoC4/CyLib.h"
 202              		.file 7 "<built-in>"
 203              		.section	.debug_info,"",%progbits
 204              	.Ldebug_info0:
 205 0000 4A020000 		.4byte	0x24a
 206 0004 0400     		.2byte	0x4
 207 0006 00000000 		.4byte	.Ldebug_abbrev0
 208 000a 04       		.byte	0x4
 209 000b 01       		.uleb128 0x1
 210 000c 1E010000 		.4byte	.LASF28
 211 0010 0C       		.byte	0xc
 212 0011 B8000000 		.4byte	.LASF29
 213 0015 00000000 		.4byte	.LASF30
ARM GAS  C:\Users\sergio\AppData\Local\Temp\cciqBKgL.s 			page 7


 214 0019 00000000 		.4byte	.Ldebug_ranges0+0
 215 001d 00000000 		.4byte	0
 216 0021 00000000 		.4byte	.Ldebug_line0
 217 0025 02       		.uleb128 0x2
 218 0026 01       		.byte	0x1
 219 0027 06       		.byte	0x6
 220 0028 FE010000 		.4byte	.LASF0
 221 002c 02       		.uleb128 0x2
 222 002d 01       		.byte	0x1
 223 002e 08       		.byte	0x8
 224 002f 92000000 		.4byte	.LASF1
 225 0033 02       		.uleb128 0x2
 226 0034 02       		.byte	0x2
 227 0035 05       		.byte	0x5
 228 0036 D6010000 		.4byte	.LASF2
 229 003a 02       		.uleb128 0x2
 230 003b 02       		.byte	0x2
 231 003c 07       		.byte	0x7
 232 003d 58000000 		.4byte	.LASF3
 233 0041 02       		.uleb128 0x2
 234 0042 04       		.byte	0x4
 235 0043 05       		.byte	0x5
 236 0044 E6010000 		.4byte	.LASF4
 237 0048 02       		.uleb128 0x2
 238 0049 04       		.byte	0x4
 239 004a 07       		.byte	0x7
 240 004b A6000000 		.4byte	.LASF5
 241 004f 02       		.uleb128 0x2
 242 0050 08       		.byte	0x8
 243 0051 05       		.byte	0x5
 244 0052 C1010000 		.4byte	.LASF6
 245 0056 02       		.uleb128 0x2
 246 0057 08       		.byte	0x8
 247 0058 07       		.byte	0x7
 248 0059 07010000 		.4byte	.LASF7
 249 005d 03       		.uleb128 0x3
 250 005e 04       		.byte	0x4
 251 005f 05       		.byte	0x5
 252 0060 696E7400 		.ascii	"int\000"
 253 0064 02       		.uleb128 0x2
 254 0065 04       		.byte	0x4
 255 0066 07       		.byte	0x7
 256 0067 E8000000 		.4byte	.LASF8
 257 006b 04       		.uleb128 0x4
 258 006c E0010000 		.4byte	.LASF9
 259 0070 02       		.byte	0x2
 260 0071 E401     		.2byte	0x1e4
 261 0073 2C000000 		.4byte	0x2c
 262 0077 04       		.uleb128 0x4
 263 0078 C7000000 		.4byte	.LASF10
 264 007c 02       		.byte	0x2
 265 007d E501     		.2byte	0x1e5
 266 007f 3A000000 		.4byte	0x3a
 267 0083 04       		.uleb128 0x4
 268 0084 CE000000 		.4byte	.LASF11
 269 0088 02       		.byte	0x2
 270 0089 E601     		.2byte	0x1e6
ARM GAS  C:\Users\sergio\AppData\Local\Temp\cciqBKgL.s 			page 8


 271 008b 48000000 		.4byte	0x48
 272 008f 04       		.uleb128 0x4
 273 0090 A0000000 		.4byte	.LASF12
 274 0094 02       		.byte	0x2
 275 0095 E801     		.2byte	0x1e8
 276 0097 33000000 		.4byte	0x33
 277 009b 02       		.uleb128 0x2
 278 009c 04       		.byte	0x4
 279 009d 04       		.byte	0x4
 280 009e 87000000 		.4byte	.LASF13
 281 00a2 02       		.uleb128 0x2
 282 00a3 08       		.byte	0x8
 283 00a4 04       		.byte	0x4
 284 00a5 C0000000 		.4byte	.LASF14
 285 00a9 02       		.uleb128 0x2
 286 00aa 01       		.byte	0x1
 287 00ab 08       		.byte	0x8
 288 00ac F5000000 		.4byte	.LASF15
 289 00b0 02       		.uleb128 0x2
 290 00b1 08       		.byte	0x8
 291 00b2 04       		.byte	0x4
 292 00b3 AC010000 		.4byte	.LASF16
 293 00b7 02       		.uleb128 0x2
 294 00b8 04       		.byte	0x4
 295 00b9 07       		.byte	0x7
 296 00ba B8010000 		.4byte	.LASF17
 297 00be 05       		.uleb128 0x5
 298 00bf 04       		.byte	0x4
 299 00c0 A9000000 		.4byte	0xa9
 300 00c4 05       		.uleb128 0x5
 301 00c5 04       		.byte	0x4
 302 00c6 6B000000 		.4byte	0x6b
 303 00ca 06       		.uleb128 0x6
 304 00cb 08       		.byte	0x8
 305 00cc 03       		.byte	0x3
 306 00cd BE01     		.2byte	0x1be
 307 00cf FB000000 		.4byte	0xfb
 308 00d3 07       		.uleb128 0x7
 309 00d4 76616C00 		.ascii	"val\000"
 310 00d8 03       		.byte	0x3
 311 00d9 C101     		.2byte	0x1c1
 312 00db C4000000 		.4byte	0xc4
 313 00df 00       		.byte	0
 314 00e0 07       		.uleb128 0x7
 315 00e1 6C656E00 		.ascii	"len\000"
 316 00e5 03       		.byte	0x3
 317 00e6 C401     		.2byte	0x1c4
 318 00e8 77000000 		.4byte	0x77
 319 00ec 04       		.byte	0x4
 320 00ed 08       		.uleb128 0x8
 321 00ee 0A020000 		.4byte	.LASF18
 322 00f2 03       		.byte	0x3
 323 00f3 CB01     		.2byte	0x1cb
 324 00f5 77000000 		.4byte	0x77
 325 00f9 06       		.byte	0x6
 326 00fa 00       		.byte	0
 327 00fb 04       		.uleb128 0x4
ARM GAS  C:\Users\sergio\AppData\Local\Temp\cciqBKgL.s 			page 9


 328 00fc D5000000 		.4byte	.LASF19
 329 0100 03       		.byte	0x3
 330 0101 CD01     		.2byte	0x1cd
 331 0103 CA000000 		.4byte	0xca
 332 0107 09       		.uleb128 0x9
 333 0108 CF010000 		.4byte	.LASF31
 334 010c 01       		.byte	0x1
 335 010d 51       		.byte	0x51
 336 010e 5D000000 		.4byte	0x5d
 337 0112 00000000 		.4byte	.LFB36
 338 0116 1C000000 		.4byte	.LFE36-.LFB36
 339 011a 01       		.uleb128 0x1
 340 011b 9C       		.byte	0x9c
 341 011c 64010000 		.4byte	0x164
 342 0120 0A       		.uleb128 0xa
 343 0121 8D000000 		.4byte	.LASF20
 344 0125 01       		.byte	0x1
 345 0126 51       		.byte	0x51
 346 0127 5D000000 		.4byte	0x5d
 347 012b 00000000 		.4byte	.LLST0
 348 012f 0B       		.uleb128 0xb
 349 0130 70747200 		.ascii	"ptr\000"
 350 0134 01       		.byte	0x1
 351 0135 51       		.byte	0x51
 352 0136 BE000000 		.4byte	0xbe
 353 013a 21000000 		.4byte	.LLST1
 354 013e 0B       		.uleb128 0xb
 355 013f 6C656E00 		.ascii	"len\000"
 356 0143 01       		.byte	0x1
 357 0144 51       		.byte	0x51
 358 0145 5D000000 		.4byte	0x5d
 359 0149 3F000000 		.4byte	.LLST2
 360 014d 0C       		.uleb128 0xc
 361 014e 6900     		.ascii	"i\000"
 362 0150 01       		.byte	0x1
 363 0151 53       		.byte	0x53
 364 0152 5D000000 		.4byte	0x5d
 365 0156 68000000 		.4byte	.LLST3
 366 015a 0D       		.uleb128 0xd
 367 015b 10000000 		.4byte	.LVL3
 368 015f 1D020000 		.4byte	0x21d
 369 0163 00       		.byte	0
 370 0164 0E       		.uleb128 0xe
 371 0165 7D000000 		.4byte	.LASF22
 372 0169 01       		.byte	0x1
 373 016a 5D       		.byte	0x5d
 374 016b 00000000 		.4byte	.LFB37
 375 016f 2C000000 		.4byte	.LFE37-.LFB37
 376 0173 01       		.uleb128 0x1
 377 0174 9C       		.byte	0x9c
 378 0175 C0010000 		.4byte	0x1c0
 379 0179 0A       		.uleb128 0xa
 380 017a 52000000 		.4byte	.LASF21
 381 017e 01       		.byte	0x1
 382 017f 5D       		.byte	0x5d
 383 0180 C0010000 		.4byte	0x1c0
 384 0184 87000000 		.4byte	.LLST4
ARM GAS  C:\Users\sergio\AppData\Local\Temp\cciqBKgL.s 			page 10


 385 0188 0C       		.uleb128 0xc
 386 0189 6900     		.ascii	"i\000"
 387 018b 01       		.byte	0x1
 388 018c 5F       		.byte	0x5f
 389 018d 8F000000 		.4byte	0x8f
 390 0191 B3000000 		.4byte	.LLST5
 391 0195 0F       		.uleb128 0xf
 392 0196 12000000 		.4byte	.LVL12
 393 019a 28020000 		.4byte	0x228
 394 019e AC010000 		.4byte	0x1ac
 395 01a2 10       		.uleb128 0x10
 396 01a3 01       		.uleb128 0x1
 397 01a4 50       		.byte	0x50
 398 01a5 05       		.uleb128 0x5
 399 01a6 03       		.byte	0x3
 400 01a7 00000000 		.4byte	.LC0
 401 01ab 00       		.byte	0
 402 01ac 11       		.uleb128 0x11
 403 01ad 22000000 		.4byte	.LVL15
 404 01b1 33020000 		.4byte	0x233
 405 01b5 10       		.uleb128 0x10
 406 01b6 01       		.uleb128 0x1
 407 01b7 50       		.byte	0x50
 408 01b8 05       		.uleb128 0x5
 409 01b9 03       		.byte	0x3
 410 01ba 08000000 		.4byte	.LC2
 411 01be 00       		.byte	0
 412 01bf 00       		.byte	0
 413 01c0 05       		.uleb128 0x5
 414 01c1 04       		.byte	0x4
 415 01c2 FB000000 		.4byte	0xfb
 416 01c6 0E       		.uleb128 0xe
 417 01c7 6B000000 		.4byte	.LASF23
 418 01cb 01       		.byte	0x1
 419 01cc 66       		.byte	0x66
 420 01cd 00000000 		.4byte	.LFB38
 421 01d1 10000000 		.4byte	.LFE38-.LFB38
 422 01d5 01       		.uleb128 0x1
 423 01d6 9C       		.byte	0x9c
 424 01d7 F8010000 		.4byte	0x1f8
 425 01db 12       		.uleb128 0x12
 426 01dc 70747200 		.ascii	"ptr\000"
 427 01e0 01       		.byte	0x1
 428 01e1 66       		.byte	0x66
 429 01e2 C4000000 		.4byte	0xc4
 430 01e6 01       		.uleb128 0x1
 431 01e7 50       		.byte	0x50
 432 01e8 0A       		.uleb128 0xa
 433 01e9 52000000 		.4byte	.LASF21
 434 01ed 01       		.byte	0x1
 435 01ee 66       		.byte	0x66
 436 01ef 83000000 		.4byte	0x83
 437 01f3 DD000000 		.4byte	.LLST6
 438 01f7 00       		.byte	0
 439 01f8 0E       		.uleb128 0xe
 440 01f9 EF010000 		.4byte	.LASF24
 441 01fd 01       		.byte	0x1
ARM GAS  C:\Users\sergio\AppData\Local\Temp\cciqBKgL.s 			page 11


 442 01fe 75       		.byte	0x75
 443 01ff 00000000 		.4byte	.LFB39
 444 0203 0A000000 		.4byte	.LFE39-.LFB39
 445 0207 01       		.uleb128 0x1
 446 0208 9C       		.byte	0x9c
 447 0209 1D020000 		.4byte	0x21d
 448 020d 11       		.uleb128 0x11
 449 020e 08000000 		.4byte	.LVL20
 450 0212 42020000 		.4byte	0x242
 451 0216 10       		.uleb128 0x10
 452 0217 01       		.uleb128 0x1
 453 0218 50       		.byte	0x50
 454 0219 01       		.uleb128 0x1
 455 021a 30       		.byte	0x30
 456 021b 00       		.byte	0
 457 021c 00       		.byte	0
 458 021d 13       		.uleb128 0x13
 459 021e FA000000 		.4byte	.LASF25
 460 0222 FA000000 		.4byte	.LASF25
 461 0226 04       		.byte	0x4
 462 0227 25       		.byte	0x25
 463 0228 13       		.uleb128 0x13
 464 0229 76000000 		.4byte	.LASF26
 465 022d 76000000 		.4byte	.LASF26
 466 0231 05       		.byte	0x5
 467 0232 BB       		.byte	0xbb
 468 0233 14       		.uleb128 0x14
 469 0234 F9010000 		.4byte	.LASF32
 470 0238 14020000 		.4byte	.LASF33
 471 023c 07       		.byte	0x7
 472 023d 00       		.byte	0
 473 023e F9010000 		.4byte	.LASF32
 474 0242 13       		.uleb128 0x13
 475 0243 4B000000 		.4byte	.LASF27
 476 0247 4B000000 		.4byte	.LASF27
 477 024b 06       		.byte	0x6
 478 024c E7       		.byte	0xe7
 479 024d 00       		.byte	0
 480              		.section	.debug_abbrev,"",%progbits
 481              	.Ldebug_abbrev0:
 482 0000 01       		.uleb128 0x1
 483 0001 11       		.uleb128 0x11
 484 0002 01       		.byte	0x1
 485 0003 25       		.uleb128 0x25
 486 0004 0E       		.uleb128 0xe
 487 0005 13       		.uleb128 0x13
 488 0006 0B       		.uleb128 0xb
 489 0007 03       		.uleb128 0x3
 490 0008 0E       		.uleb128 0xe
 491 0009 1B       		.uleb128 0x1b
 492 000a 0E       		.uleb128 0xe
 493 000b 55       		.uleb128 0x55
 494 000c 17       		.uleb128 0x17
 495 000d 11       		.uleb128 0x11
 496 000e 01       		.uleb128 0x1
 497 000f 10       		.uleb128 0x10
 498 0010 17       		.uleb128 0x17
ARM GAS  C:\Users\sergio\AppData\Local\Temp\cciqBKgL.s 			page 12


 499 0011 00       		.byte	0
 500 0012 00       		.byte	0
 501 0013 02       		.uleb128 0x2
 502 0014 24       		.uleb128 0x24
 503 0015 00       		.byte	0
 504 0016 0B       		.uleb128 0xb
 505 0017 0B       		.uleb128 0xb
 506 0018 3E       		.uleb128 0x3e
 507 0019 0B       		.uleb128 0xb
 508 001a 03       		.uleb128 0x3
 509 001b 0E       		.uleb128 0xe
 510 001c 00       		.byte	0
 511 001d 00       		.byte	0
 512 001e 03       		.uleb128 0x3
 513 001f 24       		.uleb128 0x24
 514 0020 00       		.byte	0
 515 0021 0B       		.uleb128 0xb
 516 0022 0B       		.uleb128 0xb
 517 0023 3E       		.uleb128 0x3e
 518 0024 0B       		.uleb128 0xb
 519 0025 03       		.uleb128 0x3
 520 0026 08       		.uleb128 0x8
 521 0027 00       		.byte	0
 522 0028 00       		.byte	0
 523 0029 04       		.uleb128 0x4
 524 002a 16       		.uleb128 0x16
 525 002b 00       		.byte	0
 526 002c 03       		.uleb128 0x3
 527 002d 0E       		.uleb128 0xe
 528 002e 3A       		.uleb128 0x3a
 529 002f 0B       		.uleb128 0xb
 530 0030 3B       		.uleb128 0x3b
 531 0031 05       		.uleb128 0x5
 532 0032 49       		.uleb128 0x49
 533 0033 13       		.uleb128 0x13
 534 0034 00       		.byte	0
 535 0035 00       		.byte	0
 536 0036 05       		.uleb128 0x5
 537 0037 0F       		.uleb128 0xf
 538 0038 00       		.byte	0
 539 0039 0B       		.uleb128 0xb
 540 003a 0B       		.uleb128 0xb
 541 003b 49       		.uleb128 0x49
 542 003c 13       		.uleb128 0x13
 543 003d 00       		.byte	0
 544 003e 00       		.byte	0
 545 003f 06       		.uleb128 0x6
 546 0040 13       		.uleb128 0x13
 547 0041 01       		.byte	0x1
 548 0042 0B       		.uleb128 0xb
 549 0043 0B       		.uleb128 0xb
 550 0044 3A       		.uleb128 0x3a
 551 0045 0B       		.uleb128 0xb
 552 0046 3B       		.uleb128 0x3b
 553 0047 05       		.uleb128 0x5
 554 0048 01       		.uleb128 0x1
 555 0049 13       		.uleb128 0x13
ARM GAS  C:\Users\sergio\AppData\Local\Temp\cciqBKgL.s 			page 13


 556 004a 00       		.byte	0
 557 004b 00       		.byte	0
 558 004c 07       		.uleb128 0x7
 559 004d 0D       		.uleb128 0xd
 560 004e 00       		.byte	0
 561 004f 03       		.uleb128 0x3
 562 0050 08       		.uleb128 0x8
 563 0051 3A       		.uleb128 0x3a
 564 0052 0B       		.uleb128 0xb
 565 0053 3B       		.uleb128 0x3b
 566 0054 05       		.uleb128 0x5
 567 0055 49       		.uleb128 0x49
 568 0056 13       		.uleb128 0x13
 569 0057 38       		.uleb128 0x38
 570 0058 0B       		.uleb128 0xb
 571 0059 00       		.byte	0
 572 005a 00       		.byte	0
 573 005b 08       		.uleb128 0x8
 574 005c 0D       		.uleb128 0xd
 575 005d 00       		.byte	0
 576 005e 03       		.uleb128 0x3
 577 005f 0E       		.uleb128 0xe
 578 0060 3A       		.uleb128 0x3a
 579 0061 0B       		.uleb128 0xb
 580 0062 3B       		.uleb128 0x3b
 581 0063 05       		.uleb128 0x5
 582 0064 49       		.uleb128 0x49
 583 0065 13       		.uleb128 0x13
 584 0066 38       		.uleb128 0x38
 585 0067 0B       		.uleb128 0xb
 586 0068 00       		.byte	0
 587 0069 00       		.byte	0
 588 006a 09       		.uleb128 0x9
 589 006b 2E       		.uleb128 0x2e
 590 006c 01       		.byte	0x1
 591 006d 3F       		.uleb128 0x3f
 592 006e 19       		.uleb128 0x19
 593 006f 03       		.uleb128 0x3
 594 0070 0E       		.uleb128 0xe
 595 0071 3A       		.uleb128 0x3a
 596 0072 0B       		.uleb128 0xb
 597 0073 3B       		.uleb128 0x3b
 598 0074 0B       		.uleb128 0xb
 599 0075 27       		.uleb128 0x27
 600 0076 19       		.uleb128 0x19
 601 0077 49       		.uleb128 0x49
 602 0078 13       		.uleb128 0x13
 603 0079 11       		.uleb128 0x11
 604 007a 01       		.uleb128 0x1
 605 007b 12       		.uleb128 0x12
 606 007c 06       		.uleb128 0x6
 607 007d 40       		.uleb128 0x40
 608 007e 18       		.uleb128 0x18
 609 007f 9742     		.uleb128 0x2117
 610 0081 19       		.uleb128 0x19
 611 0082 01       		.uleb128 0x1
 612 0083 13       		.uleb128 0x13
ARM GAS  C:\Users\sergio\AppData\Local\Temp\cciqBKgL.s 			page 14


 613 0084 00       		.byte	0
 614 0085 00       		.byte	0
 615 0086 0A       		.uleb128 0xa
 616 0087 05       		.uleb128 0x5
 617 0088 00       		.byte	0
 618 0089 03       		.uleb128 0x3
 619 008a 0E       		.uleb128 0xe
 620 008b 3A       		.uleb128 0x3a
 621 008c 0B       		.uleb128 0xb
 622 008d 3B       		.uleb128 0x3b
 623 008e 0B       		.uleb128 0xb
 624 008f 49       		.uleb128 0x49
 625 0090 13       		.uleb128 0x13
 626 0091 02       		.uleb128 0x2
 627 0092 17       		.uleb128 0x17
 628 0093 00       		.byte	0
 629 0094 00       		.byte	0
 630 0095 0B       		.uleb128 0xb
 631 0096 05       		.uleb128 0x5
 632 0097 00       		.byte	0
 633 0098 03       		.uleb128 0x3
 634 0099 08       		.uleb128 0x8
 635 009a 3A       		.uleb128 0x3a
 636 009b 0B       		.uleb128 0xb
 637 009c 3B       		.uleb128 0x3b
 638 009d 0B       		.uleb128 0xb
 639 009e 49       		.uleb128 0x49
 640 009f 13       		.uleb128 0x13
 641 00a0 02       		.uleb128 0x2
 642 00a1 17       		.uleb128 0x17
 643 00a2 00       		.byte	0
 644 00a3 00       		.byte	0
 645 00a4 0C       		.uleb128 0xc
 646 00a5 34       		.uleb128 0x34
 647 00a6 00       		.byte	0
 648 00a7 03       		.uleb128 0x3
 649 00a8 08       		.uleb128 0x8
 650 00a9 3A       		.uleb128 0x3a
 651 00aa 0B       		.uleb128 0xb
 652 00ab 3B       		.uleb128 0x3b
 653 00ac 0B       		.uleb128 0xb
 654 00ad 49       		.uleb128 0x49
 655 00ae 13       		.uleb128 0x13
 656 00af 02       		.uleb128 0x2
 657 00b0 17       		.uleb128 0x17
 658 00b1 00       		.byte	0
 659 00b2 00       		.byte	0
 660 00b3 0D       		.uleb128 0xd
 661 00b4 898201   		.uleb128 0x4109
 662 00b7 00       		.byte	0
 663 00b8 11       		.uleb128 0x11
 664 00b9 01       		.uleb128 0x1
 665 00ba 31       		.uleb128 0x31
 666 00bb 13       		.uleb128 0x13
 667 00bc 00       		.byte	0
 668 00bd 00       		.byte	0
 669 00be 0E       		.uleb128 0xe
ARM GAS  C:\Users\sergio\AppData\Local\Temp\cciqBKgL.s 			page 15


 670 00bf 2E       		.uleb128 0x2e
 671 00c0 01       		.byte	0x1
 672 00c1 3F       		.uleb128 0x3f
 673 00c2 19       		.uleb128 0x19
 674 00c3 03       		.uleb128 0x3
 675 00c4 0E       		.uleb128 0xe
 676 00c5 3A       		.uleb128 0x3a
 677 00c6 0B       		.uleb128 0xb
 678 00c7 3B       		.uleb128 0x3b
 679 00c8 0B       		.uleb128 0xb
 680 00c9 27       		.uleb128 0x27
 681 00ca 19       		.uleb128 0x19
 682 00cb 11       		.uleb128 0x11
 683 00cc 01       		.uleb128 0x1
 684 00cd 12       		.uleb128 0x12
 685 00ce 06       		.uleb128 0x6
 686 00cf 40       		.uleb128 0x40
 687 00d0 18       		.uleb128 0x18
 688 00d1 9742     		.uleb128 0x2117
 689 00d3 19       		.uleb128 0x19
 690 00d4 01       		.uleb128 0x1
 691 00d5 13       		.uleb128 0x13
 692 00d6 00       		.byte	0
 693 00d7 00       		.byte	0
 694 00d8 0F       		.uleb128 0xf
 695 00d9 898201   		.uleb128 0x4109
 696 00dc 01       		.byte	0x1
 697 00dd 11       		.uleb128 0x11
 698 00de 01       		.uleb128 0x1
 699 00df 31       		.uleb128 0x31
 700 00e0 13       		.uleb128 0x13
 701 00e1 01       		.uleb128 0x1
 702 00e2 13       		.uleb128 0x13
 703 00e3 00       		.byte	0
 704 00e4 00       		.byte	0
 705 00e5 10       		.uleb128 0x10
 706 00e6 8A8201   		.uleb128 0x410a
 707 00e9 00       		.byte	0
 708 00ea 02       		.uleb128 0x2
 709 00eb 18       		.uleb128 0x18
 710 00ec 9142     		.uleb128 0x2111
 711 00ee 18       		.uleb128 0x18
 712 00ef 00       		.byte	0
 713 00f0 00       		.byte	0
 714 00f1 11       		.uleb128 0x11
 715 00f2 898201   		.uleb128 0x4109
 716 00f5 01       		.byte	0x1
 717 00f6 11       		.uleb128 0x11
 718 00f7 01       		.uleb128 0x1
 719 00f8 31       		.uleb128 0x31
 720 00f9 13       		.uleb128 0x13
 721 00fa 00       		.byte	0
 722 00fb 00       		.byte	0
 723 00fc 12       		.uleb128 0x12
 724 00fd 05       		.uleb128 0x5
 725 00fe 00       		.byte	0
 726 00ff 03       		.uleb128 0x3
ARM GAS  C:\Users\sergio\AppData\Local\Temp\cciqBKgL.s 			page 16


 727 0100 08       		.uleb128 0x8
 728 0101 3A       		.uleb128 0x3a
 729 0102 0B       		.uleb128 0xb
 730 0103 3B       		.uleb128 0x3b
 731 0104 0B       		.uleb128 0xb
 732 0105 49       		.uleb128 0x49
 733 0106 13       		.uleb128 0x13
 734 0107 02       		.uleb128 0x2
 735 0108 18       		.uleb128 0x18
 736 0109 00       		.byte	0
 737 010a 00       		.byte	0
 738 010b 13       		.uleb128 0x13
 739 010c 2E       		.uleb128 0x2e
 740 010d 00       		.byte	0
 741 010e 3F       		.uleb128 0x3f
 742 010f 19       		.uleb128 0x19
 743 0110 3C       		.uleb128 0x3c
 744 0111 19       		.uleb128 0x19
 745 0112 6E       		.uleb128 0x6e
 746 0113 0E       		.uleb128 0xe
 747 0114 03       		.uleb128 0x3
 748 0115 0E       		.uleb128 0xe
 749 0116 3A       		.uleb128 0x3a
 750 0117 0B       		.uleb128 0xb
 751 0118 3B       		.uleb128 0x3b
 752 0119 0B       		.uleb128 0xb
 753 011a 00       		.byte	0
 754 011b 00       		.byte	0
 755 011c 14       		.uleb128 0x14
 756 011d 2E       		.uleb128 0x2e
 757 011e 00       		.byte	0
 758 011f 3F       		.uleb128 0x3f
 759 0120 19       		.uleb128 0x19
 760 0121 3C       		.uleb128 0x3c
 761 0122 19       		.uleb128 0x19
 762 0123 6E       		.uleb128 0x6e
 763 0124 0E       		.uleb128 0xe
 764 0125 03       		.uleb128 0x3
 765 0126 0E       		.uleb128 0xe
 766 0127 3A       		.uleb128 0x3a
 767 0128 0B       		.uleb128 0xb
 768 0129 3B       		.uleb128 0x3b
 769 012a 0B       		.uleb128 0xb
 770 012b 6E       		.uleb128 0x6e
 771 012c 0E       		.uleb128 0xe
 772 012d 00       		.byte	0
 773 012e 00       		.byte	0
 774 012f 00       		.byte	0
 775              		.section	.debug_loc,"",%progbits
 776              	.Ldebug_loc0:
 777              	.LLST0:
 778 0000 00000000 		.4byte	.LVL0
 779 0004 0A000000 		.4byte	.LVL2
 780 0008 0100     		.2byte	0x1
 781 000a 50       		.byte	0x50
 782 000b 0A000000 		.4byte	.LVL2
 783 000f 1C000000 		.4byte	.LFE36
ARM GAS  C:\Users\sergio\AppData\Local\Temp\cciqBKgL.s 			page 17


 784 0013 0400     		.2byte	0x4
 785 0015 F3       		.byte	0xf3
 786 0016 01       		.uleb128 0x1
 787 0017 50       		.byte	0x50
 788 0018 9F       		.byte	0x9f
 789 0019 00000000 		.4byte	0
 790 001d 00000000 		.4byte	0
 791              	.LLST1:
 792 0021 00000000 		.4byte	.LVL0
 793 0025 0A000000 		.4byte	.LVL2
 794 0029 0100     		.2byte	0x1
 795 002b 51       		.byte	0x51
 796 002c 0A000000 		.4byte	.LVL2
 797 0030 1A000000 		.4byte	.LVL7
 798 0034 0100     		.2byte	0x1
 799 0036 55       		.byte	0x55
 800 0037 00000000 		.4byte	0
 801 003b 00000000 		.4byte	0
 802              	.LLST2:
 803 003f 00000000 		.4byte	.LVL0
 804 0043 0A000000 		.4byte	.LVL2
 805 0047 0100     		.2byte	0x1
 806 0049 52       		.byte	0x52
 807 004a 0A000000 		.4byte	.LVL2
 808 004e 1A000000 		.4byte	.LVL8
 809 0052 0100     		.2byte	0x1
 810 0054 56       		.byte	0x56
 811 0055 1A000000 		.4byte	.LVL8
 812 0059 1C000000 		.4byte	.LFE36
 813 005d 0100     		.2byte	0x1
 814 005f 50       		.byte	0x50
 815 0060 00000000 		.4byte	0
 816 0064 00000000 		.4byte	0
 817              	.LLST3:
 818 0068 06000000 		.4byte	.LVL1
 819 006c 0A000000 		.4byte	.LVL2
 820 0070 0200     		.2byte	0x2
 821 0072 30       		.byte	0x30
 822 0073 9F       		.byte	0x9f
 823 0074 0A000000 		.4byte	.LVL2
 824 0078 1A000000 		.4byte	.LVL6
 825 007c 0100     		.2byte	0x1
 826 007e 54       		.byte	0x54
 827 007f 00000000 		.4byte	0
 828 0083 00000000 		.4byte	0
 829              	.LLST4:
 830 0087 00000000 		.4byte	.LVL9
 831 008b 08000000 		.4byte	.LVL11
 832 008f 0100     		.2byte	0x1
 833 0091 50       		.byte	0x50
 834 0092 08000000 		.4byte	.LVL11
 835 0096 22000000 		.4byte	.LVL17
 836 009a 0100     		.2byte	0x1
 837 009c 55       		.byte	0x55
 838 009d 22000000 		.4byte	.LVL17
 839 00a1 2C000000 		.4byte	.LFE37
 840 00a5 0400     		.2byte	0x4
ARM GAS  C:\Users\sergio\AppData\Local\Temp\cciqBKgL.s 			page 18


 841 00a7 F3       		.byte	0xf3
 842 00a8 01       		.uleb128 0x1
 843 00a9 50       		.byte	0x50
 844 00aa 9F       		.byte	0x9f
 845 00ab 00000000 		.4byte	0
 846 00af 00000000 		.4byte	0
 847              	.LLST5:
 848 00b3 04000000 		.4byte	.LVL10
 849 00b7 08000000 		.4byte	.LVL11
 850 00bb 0200     		.2byte	0x2
 851 00bd 30       		.byte	0x30
 852 00be 9F       		.byte	0x9f
 853 00bf 08000000 		.4byte	.LVL11
 854 00c3 14000000 		.4byte	.LVL13
 855 00c7 0100     		.2byte	0x1
 856 00c9 54       		.byte	0x54
 857 00ca 16000000 		.4byte	.LVL14
 858 00ce 22000000 		.4byte	.LVL16
 859 00d2 0100     		.2byte	0x1
 860 00d4 54       		.byte	0x54
 861 00d5 00000000 		.4byte	0
 862 00d9 00000000 		.4byte	0
 863              	.LLST6:
 864 00dd 00000000 		.4byte	.LVL18
 865 00e1 0C000000 		.4byte	.LVL19
 866 00e5 0100     		.2byte	0x1
 867 00e7 51       		.byte	0x51
 868 00e8 0C000000 		.4byte	.LVL19
 869 00ec 10000000 		.4byte	.LFE38
 870 00f0 0400     		.2byte	0x4
 871 00f2 F3       		.byte	0xf3
 872 00f3 01       		.uleb128 0x1
 873 00f4 51       		.byte	0x51
 874 00f5 9F       		.byte	0x9f
 875 00f6 00000000 		.4byte	0
 876 00fa 00000000 		.4byte	0
 877              		.section	.debug_aranges,"",%progbits
 878 0000 34000000 		.4byte	0x34
 879 0004 0200     		.2byte	0x2
 880 0006 00000000 		.4byte	.Ldebug_info0
 881 000a 04       		.byte	0x4
 882 000b 00       		.byte	0
 883 000c 0000     		.2byte	0
 884 000e 0000     		.2byte	0
 885 0010 00000000 		.4byte	.LFB36
 886 0014 1C000000 		.4byte	.LFE36-.LFB36
 887 0018 00000000 		.4byte	.LFB37
 888 001c 2C000000 		.4byte	.LFE37-.LFB37
 889 0020 00000000 		.4byte	.LFB38
 890 0024 10000000 		.4byte	.LFE38-.LFB38
 891 0028 00000000 		.4byte	.LFB39
 892 002c 0A000000 		.4byte	.LFE39-.LFB39
 893 0030 00000000 		.4byte	0
 894 0034 00000000 		.4byte	0
 895              		.section	.debug_ranges,"",%progbits
 896              	.Ldebug_ranges0:
 897 0000 00000000 		.4byte	.LFB36
ARM GAS  C:\Users\sergio\AppData\Local\Temp\cciqBKgL.s 			page 19


 898 0004 1C000000 		.4byte	.LFE36
 899 0008 00000000 		.4byte	.LFB37
 900 000c 2C000000 		.4byte	.LFE37
 901 0010 00000000 		.4byte	.LFB38
 902 0014 10000000 		.4byte	.LFE38
 903 0018 00000000 		.4byte	.LFB39
 904 001c 0A000000 		.4byte	.LFE39
 905 0020 00000000 		.4byte	0
 906 0024 00000000 		.4byte	0
 907              		.section	.debug_line,"",%progbits
 908              	.Ldebug_line0:
 909 0000 66010000 		.section	.debug_str,"MS",%progbits,1
 909      0200ED00 
 909      00000201 
 909      FB0E0D00 
 909      01010101 
 910              	.LASF30:
 911 0000 433A5C55 		.ascii	"C:\\Users\\sergio\\Documents\\PSoC Creator\\SD_Devi"
 911      73657273 
 911      5C736572 
 911      67696F5C 
 911      446F6375 
 912 002e 63655F45 		.ascii	"ce_EmbeddedCode\\SDBLEE.cydsn\000"
 912      6D626564 
 912      64656443 
 912      6F64655C 
 912      5344424C 
 913              	.LASF27:
 914 004b 43794861 		.ascii	"CyHalt\000"
 914      6C7400
 915              	.LASF21:
 916 0052 76616C75 		.ascii	"value\000"
 916      6500
 917              	.LASF3:
 918 0058 73686F72 		.ascii	"short unsigned int\000"
 918      7420756E 
 918      7369676E 
 918      65642069 
 918      6E7400
 919              	.LASF23:
 920 006b 53657433 		.ascii	"Set32ByPtr\000"
 920      32427950 
 920      747200
 921              	.LASF26:
 922 0076 7072696E 		.ascii	"printf\000"
 922      746600
 923              	.LASF22:
 924 007d 53686F77 		.ascii	"ShowValue\000"
 924      56616C75 
 924      6500
 925              	.LASF13:
 926 0087 666C6F61 		.ascii	"float\000"
 926      7400
 927              	.LASF20:
 928 008d 66696C65 		.ascii	"file\000"
 928      00
 929              	.LASF1:
ARM GAS  C:\Users\sergio\AppData\Local\Temp\cciqBKgL.s 			page 20


 930 0092 756E7369 		.ascii	"unsigned char\000"
 930      676E6564 
 930      20636861 
 930      7200
 931              	.LASF12:
 932 00a0 696E7431 		.ascii	"int16\000"
 932      3600
 933              	.LASF5:
 934 00a6 6C6F6E67 		.ascii	"long unsigned int\000"
 934      20756E73 
 934      69676E65 
 934      6420696E 
 934      7400
 935              	.LASF29:
 936 00b8 64656275 		.ascii	"debug.c\000"
 936      672E6300 
 937              	.LASF14:
 938 00c0 646F7562 		.ascii	"double\000"
 938      6C6500
 939              	.LASF10:
 940 00c7 75696E74 		.ascii	"uint16\000"
 940      313600
 941              	.LASF11:
 942 00ce 75696E74 		.ascii	"uint32\000"
 942      333200
 943              	.LASF19:
 944 00d5 4359424C 		.ascii	"CYBLE_GATT_VALUE_T\000"
 944      455F4741 
 944      54545F56 
 944      414C5545 
 944      5F5400
 945              	.LASF8:
 946 00e8 756E7369 		.ascii	"unsigned int\000"
 946      676E6564 
 946      20696E74 
 946      00
 947              	.LASF15:
 948 00f5 63686172 		.ascii	"char\000"
 948      00
 949              	.LASF25:
 950 00fa 55415254 		.ascii	"UART_PutChar\000"
 950      5F507574 
 950      43686172 
 950      00
 951              	.LASF7:
 952 0107 6C6F6E67 		.ascii	"long long unsigned int\000"
 952      206C6F6E 
 952      6720756E 
 952      7369676E 
 952      65642069 
 953              	.LASF28:
 954 011e 474E5520 		.ascii	"GNU C11 5.4.1 20160609 (release) [ARM/embedded-5-br"
 954      43313120 
 954      352E342E 
 954      31203230 
 954      31363036 
 955 0151 616E6368 		.ascii	"anch revision 237715] -mcpu=cortex-m0 -mthumb -g -O"
ARM GAS  C:\Users\sergio\AppData\Local\Temp\cciqBKgL.s 			page 21


 955      20726576 
 955      6973696F 
 955      6E203233 
 955      37373135 
 956 0184 67202D66 		.ascii	"g -ffunction-sections -ffat-lto-objects\000"
 956      66756E63 
 956      74696F6E 
 956      2D736563 
 956      74696F6E 
 957              	.LASF16:
 958 01ac 6C6F6E67 		.ascii	"long double\000"
 958      20646F75 
 958      626C6500 
 959              	.LASF17:
 960 01b8 73697A65 		.ascii	"sizetype\000"
 960      74797065 
 960      00
 961              	.LASF6:
 962 01c1 6C6F6E67 		.ascii	"long long int\000"
 962      206C6F6E 
 962      6720696E 
 962      7400
 963              	.LASF31:
 964 01cf 5F777269 		.ascii	"_write\000"
 964      746500
 965              	.LASF2:
 966 01d6 73686F72 		.ascii	"short int\000"
 966      7420696E 
 966      7400
 967              	.LASF9:
 968 01e0 75696E74 		.ascii	"uint8\000"
 968      3800
 969              	.LASF4:
 970 01e6 6C6F6E67 		.ascii	"long int\000"
 970      20696E74 
 970      00
 971              	.LASF24:
 972 01ef 53686F77 		.ascii	"ShowError\000"
 972      4572726F 
 972      7200
 973              	.LASF32:
 974 01f9 70757473 		.ascii	"puts\000"
 974      00
 975              	.LASF0:
 976 01fe 7369676E 		.ascii	"signed char\000"
 976      65642063 
 976      68617200 
 977              	.LASF18:
 978 020a 61637475 		.ascii	"actualLen\000"
 978      616C4C65 
 978      6E00
 979              	.LASF33:
 980 0214 5F5F6275 		.ascii	"__builtin_puts\000"
 980      696C7469 
 980      6E5F7075 
 980      747300
 981              		.ident	"GCC: (GNU Tools for ARM Embedded Processors) 5.4.1 20160609 (release) [ARM/embedded-5-bran
ARM GAS  C:\Users\sergio\AppData\Local\Temp\cciqBKgL.s 			page 22


